Set 10, 2013 8:09:28 AM org.apache.jcs.engine.control.CompositeCacheManager getUnconfiguredInstance
INFO: Instance is null, creating with provided config
Set 10, 2013 8:09:28 AM org.apache.jcs.utils.threadpool.ThreadPoolManager loadConfig
INFO: thread_pool.default PoolConfiguration = useBoundary = [true] boundarySize = [2000] maximumPoolSize = [150] minimumPoolSize = [4] keepAliveTime = [300000] whenBlockedPolicy = [RUN] startUpSize = [4]
Set 10, 2013 8:09:28 AM org.apache.jcs.engine.control.CompositeCacheConfigurator setDefaultAuxValues
INFO: Setting default auxiliaries to DC
Set 10, 2013 8:09:28 AM org.apache.jcs.engine.control.CompositeCacheConfigurator setDefaultCompositeCacheAttributes
INFO: setting defaultCompositeCacheAttributes to [ useLateral = true, useRemote = true, useDisk = true, maxObjs = 100, maxSpoolPerRun = -1, diskUsagePattern = 0 ]
Set 10, 2013 8:09:28 AM org.apache.jcs.engine.control.CompositeCacheConfigurator parseElementAttributes
INFO: No special ElementAttribute class defined for key [jcs.default.elementattributes], using default class.
Set 10, 2013 8:09:28 AM org.apache.jcs.engine.control.CompositeCacheConfigurator setDefaultElementAttributes
INFO: setting defaultElementAttributes to [ IS_LATERAL = true, IS_SPOOL = true, IS_REMOTE = true, IS_ETERNAL = true, MaxLifeSeconds = -1, IdleTime = -1, CreateTime = 1378811368724, LastAccessTime = 1378811368724, getTimeToLiveSeconds() = -1, createTime = 1378811368724 ]
Set 10, 2013 8:09:28 AM org.apache.jcs.engine.memory.lru.LRUMemoryCache initialize
INFO: initialized LRUMemoryCache for url
Set 10, 2013 8:09:28 AM org.apache.jcs.engine.control.CompositeCache <init>
INFO: Constructed cache with name [url] and cache attributes [ useLateral = true, useRemote = true, useDisk = true, maxObjs = 200, maxSpoolPerRun = -1, diskUsagePattern = 1 ]
Set 10, 2013 8:09:28 AM org.apache.jcs.auxiliary.disk.indexed.IndexedDiskCache <init>
INFO: Region [url] Cache file root directory: jcs_cache
Set 10, 2013 8:09:28 AM org.apache.jcs.auxiliary.disk.indexed.IndexedDiskCache initKeyMap
INFO: Region [url] Set maxKeySize to: '10000'
Set 10, 2013 8:09:28 AM org.apache.jcs.auxiliary.disk.indexed.IndexedDiskCache <init>
INFO: Region [url] Indexed Disk Cache is alive.
Set 10, 2013 8:09:28 AM org.apache.jcs.engine.control.CompositeCacheConfigurator parseRegions
INFO: Parsed regions [url]
Set 10, 2013 8:09:28 AM org.apache.jcs.engine.control.CompositeCacheConfigurator doConfigure
INFO: Finished configuration in 276 ms.
Set 10, 2013 8:09:29 AM org.apache.jcs.engine.control.CompositeCache dispose
INFO: In DISPOSE, [url] fromRemote [false] 
Region Name = url
HitCountRam = 0
HitCountAux = 0
---------------------------LRU Memory Cache
List Size = 0
Map Size = 0
Put Count = 0
Hit Count = 0
Miss Count = 0
---------------------------Indexed Disk Cache
Is Alive = true
Key Map Size = 0
Data File Length = 0
Hit Count = 0
Bytes Free = 0
Optimize Operation Count = 0
Times Optimized = 0
Recycle Count = 0
Recycle Bin Size = 0
Startup Size = 0
Purgatory Hits = 0
Purgatory Size = 0
Working = true
Alive = false
Empty = true
Size = 0
Set 10, 2013 8:09:29 AM org.apache.jcs.engine.control.CompositeCache dispose
INFO: In DISPOSE, [url] auxiliary [org.apache.jcs.auxiliary.disk.indexed.IndexedDiskCache@7bf0e27a]
Set 10, 2013 8:09:29 AM org.apache.jcs.engine.control.CompositeCache dispose
INFO: In DISPOSE, [url] put 0 into auxiliary org.apache.jcs.auxiliary.disk.indexed.IndexedDiskCache@7bf0e27a
Set 10, 2013 8:09:29 AM org.apache.jcs.auxiliary.disk.AbstractDiskCache$1 run
INFO: No longer waiting for event queue to finish: Cache Event Queue
Working = true
Alive = false
Empty = true
Size = 0
Set 10, 2013 8:09:29 AM org.apache.jcs.auxiliary.disk.AbstractDiskCache dispose
INFO: In dispose, destroying event queue.
Set 10, 2013 8:09:29 AM org.apache.jcs.engine.CacheEventQueue destroy
INFO: Destroy was called after queue was destroyed.  Doing nothing.  Stats =  Cache Event Queue
Working = true
Alive = false
Empty = true
Size = 0
Set 10, 2013 8:09:29 AM org.apache.jcs.auxiliary.disk.indexed.IndexedDiskCache disposeInternal
INFO: Region [url] Shutdown complete.
Set 10, 2013 8:09:29 AM org.apache.jcs.engine.control.CompositeCache dispose
INFO: In DISPOSE, [url] disposing of memory cache.
Set 10, 2013 8:09:29 AM org.apache.jcs.engine.memory.AbstractMemoryCache dispose
INFO: Memory Cache dispose called.  Shutting down shrinker thread if it is running.
Exception in thread "main" java.lang.ExceptionInInitializerError
	at sun.misc.Unsafe.ensureClassInitialized(Native Method)
	at sun.reflect.UnsafeFieldAccessorFactory.newFieldAccessor(UnsafeFieldAccessorFactory.java:43)
	at sun.reflect.ReflectionFactory.newFieldAccessor(ReflectionFactory.java:140)
	at java.lang.reflect.Field.acquireFieldAccessor(Field.java:1057)
	at java.lang.reflect.Field.getFieldAccessor(Field.java:1038)
	at java.lang.reflect.Field.get(Field.java:379)
	at org.codehaus.groovy.reflection.CachedField.getProperty(CachedField.java:51)
	at groovy.lang.MetaClassImpl.getProperty(MetaClassImpl.java:1624)
	at groovy.lang.MetaClassImpl.getProperty(MetaClassImpl.java:3408)
	at org.codehaus.groovy.runtime.callsite.ClassMetaClassGetPropertySite.getProperty(ClassMetaClassGetPropertySite.java:48)
	at org.codehaus.groovy.runtime.callsite.AbstractCallSite.callGetProperty(AbstractCallSite.java:227)
	at gustavocms.airfares.cache.Cache.<clinit>(Cache.groovy)
	at sun.misc.Unsafe.ensureClassInitialized(Native Method)
	at sun.reflect.UnsafeFieldAccessorFactory.newFieldAccessor(UnsafeFieldAccessorFactory.java:43)
	at sun.reflect.ReflectionFactory.newFieldAccessor(ReflectionFactory.java:140)
	at java.lang.reflect.Field.acquireFieldAccessor(Field.java:1057)
	at java.lang.reflect.Field.getFieldAccessor(Field.java:1038)
	at java.lang.reflect.Field.get(Field.java:379)
	at org.codehaus.groovy.reflection.CachedField.getProperty(CachedField.java:51)
	at groovy.lang.MetaClassImpl.getProperty(MetaClassImpl.java:1624)
	at groovy.lang.MetaClassImpl.getProperty(MetaClassImpl.java:3408)
	at org.codehaus.groovy.runtime.callsite.ClassMetaClassGetPropertySite.getProperty(ClassMetaClassGetPropertySite.java:48)
	at org.codehaus.groovy.runtime.callsite.AbstractCallSite.callGetProperty(AbstractCallSite.java:227)
	at gustavocms.airfares.decolar.DecolarParser.<init>(DecolarParser.groovy)
	at sun.reflect.NativeConstructorAccessorImpl.newInstance0(Native Method)
	at sun.reflect.NativeConstructorAccessorImpl.newInstance(NativeConstructorAccessorImpl.java:57)
	at sun.reflect.DelegatingConstructorAccessorImpl.newInstance(DelegatingConstructorAccessorImpl.java:45)
	at java.lang.reflect.Constructor.newInstance(Constructor.java:526)
	at org.codehaus.groovy.reflection.CachedConstructor.invoke(CachedConstructor.java:77)
	at org.codehaus.groovy.runtime.callsite.ConstructorSite$ConstructorSiteNoUnwrapNoCoerce.callConstructor(ConstructorSite.java:102)
	at org.codehaus.groovy.runtime.callsite.CallSiteArray.defaultCallConstructor(CallSiteArray.java:57)
	at org.codehaus.groovy.runtime.callsite.AbstractCallSite.callConstructor(AbstractCallSite.java:182)
	at org.codehaus.groovy.runtime.callsite.AbstractCallSite.callConstructor(AbstractCallSite.java:186)
	at gustavocms.airfares.decolar.DecolarProvider.<init>(DecolarProvider.groovy:24)
	at sun.reflect.NativeConstructorAccessorImpl.newInstance0(Native Method)
	at sun.reflect.NativeConstructorAccessorImpl.newInstance(NativeConstructorAccessorImpl.java:57)
	at sun.reflect.DelegatingConstructorAccessorImpl.newInstance(DelegatingConstructorAccessorImpl.java:45)
	at java.lang.reflect.Constructor.newInstance(Constructor.java:526)
	at org.codehaus.groovy.reflection.CachedConstructor.invoke(CachedConstructor.java:77)
	at org.codehaus.groovy.runtime.callsite.ConstructorSite$ConstructorSiteNoUnwrapNoCoerce.callConstructor(ConstructorSite.java:102)
	at org.codehaus.groovy.runtime.callsite.CallSiteArray.defaultCallConstructor(CallSiteArray.java:57)
	at org.codehaus.groovy.runtime.callsite.AbstractCallSite.callConstructor(AbstractCallSite.java:182)
	at org.codehaus.groovy.runtime.callsite.AbstractCallSite.callConstructor(AbstractCallSite.java:186)
	at gustavocms.airfares.example.Main.<init>(Main.groovy:30)
	at sun.reflect.NativeConstructorAccessorImpl.newInstance0(Native Method)
	at sun.reflect.NativeConstructorAccessorImpl.newInstance(NativeConstructorAccessorImpl.java:57)
	at sun.reflect.DelegatingConstructorAccessorImpl.newInstance(DelegatingConstructorAccessorImpl.java:45)
	at java.lang.reflect.Constructor.newInstance(Constructor.java:526)
	at org.codehaus.groovy.reflection.CachedConstructor.invoke(CachedConstructor.java:77)
	at org.codehaus.groovy.runtime.callsite.ConstructorSite$ConstructorSiteNoUnwrapNoCoerce.callConstructor(ConstructorSite.java:102)
	at org.codehaus.groovy.runtime.callsite.CallSiteArray.defaultCallConstructor(CallSiteArray.java:57)
	at org.codehaus.groovy.runtime.callsite.AbstractCallSite.callConstructor(AbstractCallSite.java:182)
	at org.codehaus.groovy.runtime.callsite.AbstractCallSite.callConstructor(AbstractCallSite.java:186)
	at gustavocms.airfares.example.Main.main(Main.groovy:50)
	at sun.reflect.NativeMethodAccessorImpl.invoke0(Native Method)
	at sun.reflect.NativeMethodAccessorImpl.invoke(NativeMethodAccessorImpl.java:57)
	at sun.reflect.DelegatingMethodAccessorImpl.invoke(DelegatingMethodAccessorImpl.java:43)
	at java.lang.reflect.Method.invoke(Method.java:606)
	at com.intellij.rt.execution.application.AppMain.main(AppMain.java:120)
Caused by: net.sf.ehcache.config.InvalidConfigurationException: There is one error in your configuration: 
	* Cache 'url' error: If your CacheManager has no maxBytesLocalHeap set, you need to either set maxEntriesLocalHeap or maxBytesLocalHeap at the Cache level


	at net.sf.ehcache.config.Configuration.setupFor(Configuration.java:236)
	at net.sf.ehcache.CacheManager.doInit(CacheManager.java:433)
	at net.sf.ehcache.CacheManager.init(CacheManager.java:392)
	at net.sf.ehcache.CacheManager.<init>(CacheManager.java:265)
	at net.sf.ehcache.CacheManager.newInstance(CacheManager.java:1098)
	at net.sf.ehcache.CacheManager.newInstance(CacheManager.java:1042)
	at net.sf.ehcache.CacheManager.create(CacheManager.java:1017)
	at net.sf.ehcache.CacheManager$create.call(Unknown Source)
	at org.codehaus.groovy.runtime.callsite.CallSiteArray.defaultCall(CallSiteArray.java:45)
	at org.codehaus.groovy.runtime.callsite.AbstractCallSite.call(AbstractCallSite.java:108)
	at org.codehaus.groovy.runtime.callsite.AbstractCallSite.call(AbstractCallSite.java:116)
	at gustavocms.airfares.cache.EhCache.<clinit>(EhCache.groovy:18)
	... 59 more
