

Processing RequisicoesController#destroy (for 127.0.0.1 at 2008-02-05 23:15:12) [DELETE]
  Session ID: 7f3254b52f65c1e9f14eb38c53fabd14
  Parameters: {"authenticity_token"=>"d16a3eb89da1dafb5a29076fbf4e2880e478b10a", "_method"=>"delete", "action"=>"destroy", "id"=>"7", "controller"=>"requisicoes"}
  [4;35;1mUsuario Load (0.000000)[0m   [0mSELECT * FROM usuarios WHERE (usuarios."id" = 2) LIMIT 1[0m
  [4;36;1mEmpresa Load (0.000000)[0m   [0;1mSELECT * FROM empresas WHERE (empresas."id" = 1) [0m
  [4;35;1mRequisicao Load (0.000000)[0m   [0mSELECT * FROM requisicoes WHERE (requisicoes."id" = 7 AND (requisicoes.empresa_id = 1)) [0m
  [4;36;1mItem Load (0.000000)[0m   [0;1mSELECT * FROM itens WHERE (itens.requisicao_id = 7) [0m
  [4;35;1mRequisicao Destroy (0.000000)[0m   [0m DELETE FROM requisicoes
 WHERE "id" = 7
[0m
Redirected to http://localhost:3000/empresa/requisicoes
Completed in 0.15600 (6 reqs/sec) | DB: 0.00000 (0%) | 302 Found [http://localhost/empresa/requisicoes/7]


Processing RequisicoesController#index (for 127.0.0.1 at 2008-02-05 23:15:13) [GET]
  Session ID: 7f3254b52f65c1e9f14eb38c53fabd14
  Parameters: {"action"=>"index", "controller"=>"requisicoes"}
  [4;36;1mUsuario Load (0.000000)[0m   [0;1mSELECT * FROM usuarios WHERE (usuarios."id" = 2) LIMIT 1[0m
  [4;35;1mEmpresa Load (0.000000)[0m   [0mSELECT * FROM empresas WHERE (empresas."id" = 1) [0m
  [4;36;1mRequisicao Load (0.016000)[0m   [0;1mSELECT * FROM requisicoes WHERE (requisicoes.empresa_id = 1) [0m
Rendering template within layouts/application
Rendering requisicoes/index
  [4;35;1mUsuario Load (0.000000)[0m   [0mSELECT * FROM usuarios WHERE (usuarios."id" = 2) [0m
  [4;36;1mCACHE (0.000000)[0m   [0;1mSELECT * FROM usuarios WHERE (usuarios."id" = 2) [0m
  [4;35;1mCACHE (0.000000)[0m   [0mSELECT * FROM usuarios WHERE (usuarios."id" = 2) [0m
Completed in 0.06200 (16 reqs/sec) | Rendering: 0.01500 (24%) | DB: 0.01600 (25%) | 200 OK [http://localhost/empresa/requisicoes]


Processing RequisicoesController#destroy (for 127.0.0.1 at 2008-02-05 23:15:15) [DELETE]
  Session ID: 7f3254b52f65c1e9f14eb38c53fabd14
  Parameters: {"authenticity_token"=>"d16a3eb89da1dafb5a29076fbf4e2880e478b10a", "_method"=>"delete", "action"=>"destroy", "id"=>"3", "controller"=>"requisicoes"}
  [4;36;1mUsuario Load (0.000000)[0m   [0;1mSELECT * FROM usuarios WHERE (usuarios."id" = 2) LIMIT 1[0m
  [4;35;1mEmpresa Load (0.000000)[0m   [0mSELECT * FROM empresas WHERE (empresas."id" = 1) [0m
  [4;36;1mRequisicao Load (0.000000)[0m   [0;1mSELECT * FROM requisicoes WHERE (requisicoes."id" = 3 AND (requisicoes.empresa_id = 1)) [0m
  [4;35;1mItem Load (0.000000)[0m   [0mSELECT * FROM itens WHERE (itens.requisicao_id = 3) [0m
  [4;36;1mItem Destroy (0.000000)[0m   [0;1m DELETE FROM itens
 WHERE "id" = 48
[0m
  [4;35;1mRequisicao Destroy (0.000000)[0m   [0m DELETE FROM requisicoes
 WHERE "id" = 3
[0m
Redirected to http://localhost:3000/empresa/requisicoes
Completed in 0.26500 (3 reqs/sec) | DB: 0.00000 (0%) | 302 Found [http://localhost/empresa/requisicoes/3]


Processing RequisicoesController#index (for 127.0.0.1 at 2008-02-05 23:15:16) [GET]
  Session ID: 7f3254b52f65c1e9f14eb38c53fabd14
  Parameters: {"action"=>"index", "controller"=>"requisicoes"}
  [4;36;1mUsuario Load (0.000000)[0m   [0;1mSELECT * FROM usuarios WHERE (usuarios."id" = 2) LIMIT 1[0m
  [4;35;1mEmpresa Load (0.000000)[0m   [0mSELECT * FROM empresas WHERE (empresas."id" = 1) [0m
  [4;36;1mRequisicao Load (0.000000)[0m   [0;1mSELECT * FROM requisicoes WHERE (requisicoes.empresa_id = 1) [0m
Rendering template within layouts/application
Rendering requisicoes/index
  [4;35;1mUsuario Load (0.000000)[0m   [0mSELECT * FROM usuarios WHERE (usuarios."id" = 2) [0m
  [4;36;1mCACHE (0.000000)[0m   [0;1mSELECT * FROM usuarios WHERE (usuarios."id" = 2) [0m
Completed in 0.06200 (16 reqs/sec) | Rendering: 0.01500 (24%) | DB: 0.00000 (0%) | 200 OK [http://localhost/empresa/requisicoes]


Processing RequisicoesController#destroy (for 127.0.0.1 at 2008-02-05 23:15:19) [DELETE]
  Session ID: 7f3254b52f65c1e9f14eb38c53fabd14
  Parameters: {"authenticity_token"=>"d16a3eb89da1dafb5a29076fbf4e2880e478b10a", "_method"=>"delete", "action"=>"destroy", "id"=>"2", "controller"=>"requisicoes"}
  [4;35;1mUsuario Load (0.000000)[0m   [0mSELECT * FROM usuarios WHERE (usuarios."id" = 2) LIMIT 1[0m
  [4;36;1mEmpresa Load (0.000000)[0m   [0;1mSELECT * FROM empresas WHERE (empresas."id" = 1) [0m
  [4;35;1mRequisicao Load (0.000000)[0m   [0mSELECT * FROM requisicoes WHERE (requisicoes."id" = 2 AND (requisicoes.empresa_id = 1)) [0m
  [4;36;1mItem Load (0.000000)[0m   [0;1mSELECT * FROM itens WHERE (itens.requisicao_id = 2) [0m
  [4;35;1mItem Destroy (0.000000)[0m   [0m DELETE FROM itens
 WHERE "id" = 49
[0m
  [4;36;1mItem Destroy (0.000000)[0m   [0;1m DELETE FROM itens
 WHERE "id" = 50
[0m
  [4;35;1mRequisicao Destroy (0.000000)[0m   [0m DELETE FROM requisicoes
 WHERE "id" = 2
[0m
Redirected to http://localhost:3000/empresa/requisicoes
Completed in 0.15600 (6 reqs/sec) | DB: 0.00000 (0%) | 302 Found [http://localhost/empresa/requisicoes/2]


Processing RequisicoesController#index (for 127.0.0.1 at 2008-02-05 23:15:19) [GET]
  Session ID: 7f3254b52f65c1e9f14eb38c53fabd14
  Parameters: {"action"=>"index", "controller"=>"requisicoes"}
  [4;36;1mUsuario Load (0.000000)[0m   [0;1mSELECT * FROM usuarios WHERE (usuarios."id" = 2) LIMIT 1[0m
  [4;35;1mEmpresa Load (0.000000)[0m   [0mSELECT * FROM empresas WHERE (empresas."id" = 1) [0m
  [4;36;1mRequisicao Load (0.000000)[0m   [0;1mSELECT * FROM requisicoes WHERE (requisicoes.empresa_id = 1) [0m
Rendering template within layouts/application
Rendering requisicoes/index
  [4;35;1mUsuario Load (0.000000)[0m   [0mSELECT * FROM usuarios WHERE (usuarios."id" = 2) [0m
Completed in 0.23500 (4 reqs/sec) | Rendering: 0.01600 (6%) | DB: 0.00000 (0%) | 200 OK [http://localhost/empresa/requisicoes]


Processing RequisicoesController#destroy (for 127.0.0.1 at 2008-02-05 23:15:22) [DELETE]
  Session ID: 7f3254b52f65c1e9f14eb38c53fabd14
  Parameters: {"authenticity_token"=>"d16a3eb89da1dafb5a29076fbf4e2880e478b10a", "_method"=>"delete", "action"=>"destroy", "id"=>"6", "controller"=>"requisicoes"}
  [4;36;1mUsuario Load (0.000000)[0m   [0;1mSELECT * FROM usuarios WHERE (usuarios."id" = 2) LIMIT 1[0m
  [4;35;1mEmpresa Load (0.000000)[0m   [0mSELECT * FROM empresas WHERE (empresas."id" = 1) [0m
  [4;36;1mRequisicao Load (0.000000)[0m   [0;1mSELECT * FROM requisicoes WHERE (requisicoes."id" = 6 AND (requisicoes.empresa_id = 1)) [0m
  [4;35;1mItem Load (0.000000)[0m   [0mSELECT * FROM itens WHERE (itens.requisicao_id = 6) [0m
  [4;36;1mItem Destroy (0.000000)[0m   [0;1m DELETE FROM itens
 WHERE "id" = 51
[0m
  [4;35;1mItem Destroy (0.000000)[0m   [0m DELETE FROM itens
 WHERE "id" = 52
[0m
  [4;36;1mItem Destroy (0.000000)[0m   [0;1m DELETE FROM itens
 WHERE "id" = 53
[0m
  [4;35;1mRequisicao Destroy (0.000000)[0m   [0m DELETE FROM requisicoes
 WHERE "id" = 6
[0m
Redirected to http://localhost:3000/empresa/requisicoes
Completed in 0.21800 (4 reqs/sec) | DB: 0.00000 (0%) | 302 Found [http://localhost/empresa/requisicoes/6]


Processing RequisicoesController#index (for 127.0.0.1 at 2008-02-05 23:15:22) [GET]
  Session ID: 7f3254b52f65c1e9f14eb38c53fabd14
  Parameters: {"action"=>"index", "controller"=>"requisicoes"}
  [4;36;1mUsuario Load (0.000000)[0m   [0;1mSELECT * FROM usuarios WHERE (usuarios."id" = 2) LIMIT 1[0m
  [4;35;1mEmpresa Load (0.000000)[0m   [0mSELECT * FROM empresas WHERE (empresas."id" = 1) [0m
  [4;36;1mRequisicao Load (0.000000)[0m   [0;1mSELECT * FROM requisicoes WHERE (requisicoes.empresa_id = 1) [0m
Rendering template within layouts/application
Rendering requisicoes/index
Completed in 0.04700 (21 reqs/sec) | Rendering: 0.00000 (0%) | DB: 0.00000 (0%) | 200 OK [http://localhost/empresa/requisicoes]


Processing RequisicoesController#new (for 127.0.0.1 at 2008-02-05 23:15:40) [GET]
  Session ID: 7f3254b52f65c1e9f14eb38c53fabd14
  Parameters: {"action"=>"new", "controller"=>"requisicoes"}
  [4;35;1mUsuario Load (0.000000)[0m   [0mSELECT * FROM usuarios WHERE (usuarios."id" = 2) LIMIT 1[0m
  [4;36;1mEmpresa Load (0.000000)[0m   [0;1mSELECT * FROM empresas WHERE (empresas."id" = 1) [0m
Redirected to http://localhost:3000/requisicoes/edit_new
Completed in 0.07800 (12 reqs/sec) | DB: 0.00000 (0%) | 302 Found [http://localhost/empresa/requisicoes/new]


Processing RequisicoesController#edit_new (for 127.0.0.1 at 2008-02-05 23:15:41) [GET]
  Session ID: 7f3254b52f65c1e9f14eb38c53fabd14
  Parameters: {"action"=>"edit_new", "controller"=>"requisicoes"}
  [4;35;1mUsuario Load (0.000000)[0m   [0mSELECT * FROM usuarios WHERE (usuarios."id" = 2) LIMIT 1[0m
  [4;36;1mEmpresa Load (0.000000)[0m   [0;1mSELECT * FROM empresas WHERE (empresas."id" = 1) [0m
Rendering template within layouts/application
Rendering requisicoes/edit_new
  [4;35;1mDepartamento Load (0.000000)[0m   [0mSELECT * FROM departamentos WHERE (departamentos.empresa_id = 1) [0m
WARNING: Can't mass-assign these protected attributes: id
  [4;36;1mUnidade Load (0.000000)[0m   [0;1mSELECT * FROM unidades WHERE (unidades.empresa_id = 1) [0m
Rendered requisicoes/_endereco (0.01500)
Rendered requisicoes/_itens (0.03200)
  [4;35;1mMaterial Load (0.000000)[0m   [0mSELECT * FROM materiais [0m
Rendered requisicoes/_form (0.12500)
Completed in 0.17200 (5 reqs/sec) | Rendering: 0.14000 (81%) | DB: 0.00000 (0%) | 200 OK [http://localhost/requisicoes/edit_new]


Processing RequisicoesController#get_endereco (for 127.0.0.1 at 2008-02-05 23:15:48) [POST]
  Session ID: 7f3254b52f65c1e9f14eb38c53fabd14
  Parameters: {"authenticity_token"=>"d16a3eb89da1dafb5a29076fbf4e2880e478b10a", "action"=>"get_endereco", "id"=>"4", "controller"=>"requisicoes"}
  [4;36;1mUsuario Load (0.000000)[0m   [0;1mSELECT * FROM usuarios WHERE (usuarios."id" = 2) LIMIT 1[0m
  [4;35;1mEmpresa Load (0.000000)[0m   [0mSELECT * FROM empresas WHERE (empresas."id" = 1) [0m
  [4;36;1mUnidade Load (0.000000)[0m   [0;1mSELECT * FROM unidades WHERE (unidades."id" = '4') LIMIT 1[0m
  [4;35;1mCACHE (0.000000)[0m   [0mSELECT * FROM empresas WHERE (empresas."id" = 1) [0m
  [4;36;1mEndereco Load (0.000000)[0m   [0;1mSELECT * FROM enderecos WHERE (enderecos."id" = 4) [0m
Rendered requisicoes/_endereco (0.01500)
Completed in 0.04600 (21 reqs/sec) | Rendering: 0.01500 (32%) | DB: 0.00000 (0%) | 200 OK [http://localhost/requisicoes/get_endereco]


Processing RequisicoesController#create (for 127.0.0.1 at 2008-02-05 23:15:51) [POST]
  Session ID: 7f3254b52f65c1e9f14eb38c53fabd14
  Parameters: {"endereco"=>{"logradouro"=>"BR 153"}, "authenticity_token"=>"d16a3eb89da1dafb5a29076fbf4e2880e478b10a", "action"=>"create", "unidade_id"=>"4", "controller"=>"requisicoes", "requisicao"=>{"emergencial"=>"1", "departamento_id"=>""}}
  [4;35;1mUsuario Load (0.000000)[0m   [0mSELECT * FROM usuarios WHERE (usuarios."id" = 2) LIMIT 1[0m
  [4;36;1mEmpresa Load (0.000000)[0m   [0;1mSELECT * FROM empresas WHERE (empresas."id" = 1) [0m
  [4;35;1mEndereco Create (0.000000)[0m   [0mINSERT INTO enderecos ("updated_at", "logradouro", "created_at") VALUES('2008-02-05 23:15:51', 'BR 153', '2008-02-05 23:15:51')[0m
hello!
  [4;36;1mEmpresa Load (0.000000)[0m   [0;1mSELECT * FROM empresas WHERE (empresas."id" = 1) [0m
  [4;35;1mRequisicao Load (0.000000)[0m   [0mSELECT * FROM requisicoes WHERE (requisicoes.pedido = '001000205022008231551') LIMIT 1[0m
  [4;36;1mRequisicao Create (0.000000)[0m   [0;1mINSERT INTO requisicoes ("emergencial", "updated_at", "departamento_id", "usuario_id", "endereco_id", "pedido", "created_at", "data", "empresa_id", "estado") VALUES('t', '2008-02-05 23:15:51', NULL, 2, 39, '001000205022008231551', '2008-02-05 23:15:51', '2008-02-05 23:15:51', 1, 'pendente')[0m
Redirected to http://localhost:3000/empresa/requisicoes
Completed in 0.15600 (6 reqs/sec) | DB: 0.00000 (0%) | 302 Found [http://localhost/empresa/requisicoes]


Processing RequisicoesController#index (for 127.0.0.1 at 2008-02-05 23:15:51) [GET]
  Session ID: 7f3254b52f65c1e9f14eb38c53fabd14
  Parameters: {"action"=>"index", "controller"=>"requisicoes"}
  [4;35;1mUsuario Load (0.047000)[0m   [0mSELECT * FROM usuarios WHERE (usuarios."id" = 2) LIMIT 1[0m
  [4;36;1mEmpresa Load (0.000000)[0m   [0;1mSELECT * FROM empresas WHERE (empresas."id" = 1) [0m
  [4;35;1mRequisicao Load (0.000000)[0m   [0mSELECT * FROM requisicoes WHERE (requisicoes.empresa_id = 1) [0m
Rendering template within layouts/application
Rendering requisicoes/index
  [4;36;1mUsuario Load (0.000000)[0m   [0;1mSELECT * FROM usuarios WHERE (usuarios."id" = 2) [0m
Completed in 0.50000 (2 reqs/sec) | Rendering: 0.01600 (3%) | DB: 0.04700 (9%) | 200 OK [http://localhost/empresa/requisicoes]


Processing RequisicoesController#index (for 127.0.0.1 at 2008-02-05 23:15:52) [GET]
  Session ID: 7f3254b52f65c1e9f14eb38c53fabd14
  Parameters: {"action"=>"index", "controller"=>"requisicoes"}


SQLite3::SQLException (SQL logic error or missing database):
    G:/Program Files/ruby/lib/ruby/gems/1.8/gems/sqlite3-ruby-1.2.1-mswin32/lib/sqlite3/errors.rb:94:in `check'
    G:/Program Files/ruby/lib/ruby/gems/1.8/gems/sqlite3-ruby-1.2.1-mswin32/lib/sqlite3/resultset.rb:76:in `check'
    G:/Program Files/ruby/lib/ruby/gems/1.8/gems/sqlite3-ruby-1.2.1-mswin32/lib/sqlite3/resultset.rb:68:in `commence'
    G:/Program Files/ruby/lib/ruby/gems/1.8/gems/sqlite3-ruby-1.2.1-mswin32/lib/sqlite3/resultset.rb:61:in `initialize'
    G:/Program Files/ruby/lib/ruby/gems/1.8/gems/sqlite3-ruby-1.2.1-mswin32/lib/sqlite3/statement.rb:163:in `new'
    G:/Program Files/ruby/lib/ruby/gems/1.8/gems/sqlite3-ruby-1.2.1-mswin32/lib/sqlite3/statement.rb:163:in `execute'
    G:/Program Files/ruby/lib/ruby/gems/1.8/gems/sqlite3-ruby-1.2.1-mswin32/lib/sqlite3/database.rb:212:in `execute'
    G:/Program Files/ruby/lib/ruby/gems/1.8/gems/sqlite3-ruby-1.2.1-mswin32/lib/sqlite3/database.rb:187:in `prepare'
    G:/Program Files/ruby/lib/ruby/gems/1.8/gems/sqlite3-ruby-1.2.1-mswin32/lib/sqlite3/database.rb:211:in `execute'
    G:/Program Files/ruby/lib/ruby/gems/1.8/gems/sqlite3-ruby-1.2.1-mswin32/lib/sqlite3/database.rb:588:in `transaction'
    G:/Program Files/ruby/lib/ruby/gems/1.8/gems/activerecord-2.0.2/lib/active_record/connection_adapters/sqlite_adapter.rb:156:in `begin_db_transaction'
    G:/Program Files/ruby/lib/ruby/gems/1.8/gems/activerecord-2.0.2/lib/active_record/connection_adapters/sqlite_adapter.rb:345:in `catch_schema_changes'
    G:/Program Files/ruby/lib/ruby/gems/1.8/gems/activerecord-2.0.2/lib/active_record/connection_adapters/sqlite_adapter.rb:156:in `begin_db_transaction'
    G:/Program Files/ruby/lib/ruby/gems/1.8/gems/activerecord-2.0.2/lib/active_record/connection_adapters/abstract/database_statements.rb:63:in `transaction'
    G:/Program Files/ruby/lib/ruby/gems/1.8/gems/activerecord-2.0.2/lib/active_record/transactions.rb:80:in `transaction'
    G:/Program Files/ruby/lib/ruby/gems/1.8/gems/activerecord-2.0.2/lib/active_record/transactions.rb:100:in `transaction'
    G:/Program Files/ruby/lib/ruby/gems/1.8/gems/activerecord-2.0.2/lib/active_record/transactions.rb:108:in `save'
    G:/Program Files/ruby/lib/ruby/gems/1.8/gems/activerecord-2.0.2/lib/active_record/transactions.rb:120:in `rollback_active_record_state!'
    G:/Program Files/ruby/lib/ruby/gems/1.8/gems/activerecord-2.0.2/lib/active_record/transactions.rb:108:in `save'
    G:/Program Files/ruby/lib/ruby/gems/1.8/gems/actionpack-2.0.2/lib/action_controller/session/active_record_store.rb:310:in `update'
    G:/Program Files/ruby/lib/ruby/gems/1.8/gems/activerecord-2.0.2/lib/active_record/base.rb:1198:in `silence'
    G:/Program Files/ruby/lib/ruby/gems/1.8/gems/actionpack-2.0.2/lib/action_controller/session/active_record_store.rb:310:in `update'
    G:/Program Files/ruby/lib/ruby/gems/1.8/gems/actionpack-2.0.2/lib/action_controller/session/active_record_store.rb:317:in `close'
    G:/Program Files/ruby/lib/ruby/1.8/cgi/session.rb:324:in `close'
    G:/Program Files/ruby/lib/ruby/gems/1.8/gems/actionpack-2.0.2/lib/action_controller/base.rb:1247:in `close_session'
    G:/Program Files/ruby/lib/ruby/gems/1.8/gems/actionpack-2.0.2/lib/action_controller/base.rb:1292:in `process_cleanup_without_flash'
    G:/Program Files/ruby/lib/ruby/gems/1.8/gems/actionpack-2.0.2/lib/action_controller/flash.rb:173:in `process_cleanup_without_session_management_support'
    G:/Program Files/ruby/lib/ruby/gems/1.8/gems/actionpack-2.0.2/lib/action_controller/session_management.rb:133:in `process_cleanup_without_components'
    G:/Program Files/ruby/lib/ruby/gems/1.8/gems/actionpack-2.0.2/lib/action_controller/components.rb:161:in `process_cleanup'
    G:/Program Files/ruby/lib/ruby/gems/1.8/gems/actionpack-2.0.2/lib/action_controller/base.rb:532:in `process_without_filters'
    G:/Program Files/ruby/lib/ruby/gems/1.8/gems/actionpack-2.0.2/lib/action_controller/filters.rb:685:in `process_without_session_management_support'
    G:/Program Files/ruby/lib/ruby/gems/1.8/gems/actionpack-2.0.2/lib/action_controller/session_management.rb:123:in `process'
    G:/Program Files/ruby/lib/ruby/gems/1.8/gems/actionpack-2.0.2/lib/action_controller/base.rb:388:in `process'
    G:/Program Files/ruby/lib/ruby/gems/1.8/gems/actionpack-2.0.2/lib/action_controller/dispatcher.rb:171:in `handle_request'
    G:/Program Files/ruby/lib/ruby/gems/1.8/gems/actionpack-2.0.2/lib/action_controller/dispatcher.rb:115:in `dispatch'
    G:/Program Files/ruby/lib/ruby/gems/1.8/gems/actionpack-2.0.2/lib/action_controller/dispatcher.rb:126:in `dispatch_cgi'
    G:/Program Files/ruby/lib/ruby/gems/1.8/gems/actionpack-2.0.2/lib/action_controller/dispatcher.rb:9:in `dispatch'
    G:/Program Files/ruby/lib/ruby/gems/1.8/gems/rails-2.0.2/lib/webrick_server.rb:112:in `handle_dispatch'
    G:/Program Files/ruby/lib/ruby/gems/1.8/gems/rails-2.0.2/lib/webrick_server.rb:78:in `service'
    G:/Program Files/ruby/lib/ruby/1.8/webrick/httpserver.rb:104:in `service'
    G:/Program Files/ruby/lib/ruby/1.8/webrick/httpserver.rb:65:in `run'
    G:/Program Files/ruby/lib/ruby/1.8/webrick/server.rb:173:in `start_thread'
    G:/Program Files/ruby/lib/ruby/1.8/webrick/server.rb:162:in `start'
    G:/Program Files/ruby/lib/ruby/1.8/webrick/server.rb:162:in `start_thread'
    G:/Program Files/ruby/lib/ruby/1.8/webrick/server.rb:95:in `start'
    G:/Program Files/ruby/lib/ruby/1.8/webrick/server.rb:92:in `each'
    G:/Program Files/ruby/lib/ruby/1.8/webrick/server.rb:92:in `start'
    G:/Program Files/ruby/lib/ruby/1.8/webrick/server.rb:23:in `start'
    G:/Program Files/ruby/lib/ruby/1.8/webrick/server.rb:82:in `start'
    G:/Program Files/ruby/lib/ruby/gems/1.8/gems/rails-2.0.2/lib/webrick_server.rb:62:in `dispatch'
    G:/Program Files/ruby/lib/ruby/gems/1.8/gems/rails-2.0.2/lib/commands/servers/webrick.rb:66
    G:/Program Files/ruby/lib/ruby/site_ruby/1.8/rubygems/custom_require.rb:27:in `gem_original_require'
    G:/Program Files/ruby/lib/ruby/site_ruby/1.8/rubygems/custom_require.rb:27:in `require'
    G:/Program Files/ruby/lib/ruby/gems/1.8/gems/activesupport-2.0.2/lib/active_support/dependencies.rb:496:in `require'
    G:/Program Files/ruby/lib/ruby/gems/1.8/gems/activesupport-2.0.2/lib/active_support/dependencies.rb:342:in `new_constants_in'
    G:/Program Files/ruby/lib/ruby/gems/1.8/gems/activesupport-2.0.2/lib/active_support/dependencies.rb:496:in `require'
    G:/Program Files/ruby/lib/ruby/gems/1.8/gems/rails-2.0.2/lib/commands/server.rb:39
    G:/Program Files/ruby/lib/ruby/site_ruby/1.8/rubygems/custom_require.rb:27:in `gem_original_require'
    G:/Program Files/ruby/lib/ruby/site_ruby/1.8/rubygems/custom_require.rb:27:in `require'
    script/server:3

Rendering G:/Program Files/ruby/lib/ruby/gems/1.8/gems/actionpack-2.0.2/lib/action_controller/templates/rescues/layout.erb (internal_server_error)
/!\ FAILSAFE /!\  Tue Feb 05 23:15:52 -0200 2008
  Status: 500 Internal Server Error
  SQL logic error or missing database
    G:/Program Files/ruby/lib/ruby/gems/1.8/gems/sqlite3-ruby-1.2.1-mswin32/lib/sqlite3/errors.rb:94:in `check'
    G:/Program Files/ruby/lib/ruby/gems/1.8/gems/sqlite3-ruby-1.2.1-mswin32/lib/sqlite3/resultset.rb:76:in `check'
    G:/Program Files/ruby/lib/ruby/gems/1.8/gems/sqlite3-ruby-1.2.1-mswin32/lib/sqlite3/resultset.rb:68:in `commence'
    G:/Program Files/ruby/lib/ruby/gems/1.8/gems/sqlite3-ruby-1.2.1-mswin32/lib/sqlite3/resultset.rb:61:in `initialize'
    G:/Program Files/ruby/lib/ruby/gems/1.8/gems/sqlite3-ruby-1.2.1-mswin32/lib/sqlite3/statement.rb:163:in `new'
    G:/Program Files/ruby/lib/ruby/gems/1.8/gems/sqlite3-ruby-1.2.1-mswin32/lib/sqlite3/statement.rb:163:in `execute'
    G:/Program Files/ruby/lib/ruby/gems/1.8/gems/sqlite3-ruby-1.2.1-mswin32/lib/sqlite3/database.rb:212:in `execute'
    G:/Program Files/ruby/lib/ruby/gems/1.8/gems/sqlite3-ruby-1.2.1-mswin32/lib/sqlite3/database.rb:187:in `prepare'
    G:/Program Files/ruby/lib/ruby/gems/1.8/gems/sqlite3-ruby-1.2.1-mswin32/lib/sqlite3/database.rb:211:in `execute'
    G:/Program Files/ruby/lib/ruby/gems/1.8/gems/sqlite3-ruby-1.2.1-mswin32/lib/sqlite3/database.rb:588:in `transaction'
    G:/Program Files/ruby/lib/ruby/gems/1.8/gems/activerecord-2.0.2/lib/active_record/connection_adapters/sqlite_adapter.rb:156:in `begin_db_transaction'
    G:/Program Files/ruby/lib/ruby/gems/1.8/gems/activerecord-2.0.2/lib/active_record/connection_adapters/sqlite_adapter.rb:345:in `catch_schema_changes'
    G:/Program Files/ruby/lib/ruby/gems/1.8/gems/activerecord-2.0.2/lib/active_record/connection_adapters/sqlite_adapter.rb:156:in `begin_db_transaction'
    G:/Program Files/ruby/lib/ruby/gems/1.8/gems/activerecord-2.0.2/lib/active_record/connection_adapters/abstract/database_statements.rb:63:in `transaction'
    G:/Program Files/ruby/lib/ruby/gems/1.8/gems/activerecord-2.0.2/lib/active_record/transactions.rb:80:in `transaction'
    G:/Program Files/ruby/lib/ruby/gems/1.8/gems/activerecord-2.0.2/lib/active_record/transactions.rb:100:in `transaction'
    G:/Program Files/ruby/lib/ruby/gems/1.8/gems/activerecord-2.0.2/lib/active_record/transactions.rb:108:in `save'
    G:/Program Files/ruby/lib/ruby/gems/1.8/gems/activerecord-2.0.2/lib/active_record/transactions.rb:120:in `rollback_active_record_state!'
    G:/Program Files/ruby/lib/ruby/gems/1.8/gems/activerecord-2.0.2/lib/active_record/transactions.rb:108:in `save'
    G:/Program Files/ruby/lib/ruby/gems/1.8/gems/actionpack-2.0.2/lib/action_controller/session/active_record_store.rb:310:in `update'
    G:/Program Files/ruby/lib/ruby/gems/1.8/gems/activerecord-2.0.2/lib/active_record/base.rb:1198:in `silence'
    G:/Program Files/ruby/lib/ruby/gems/1.8/gems/actionpack-2.0.2/lib/action_controller/session/active_record_store.rb:310:in `update'
    G:/Program Files/ruby/lib/ruby/gems/1.8/gems/actionpack-2.0.2/lib/action_controller/session/active_record_store.rb:317:in `close'
    G:/Program Files/ruby/lib/ruby/1.8/cgi/session.rb:324:in `close'
    G:/Program Files/ruby/lib/ruby/gems/1.8/gems/actionpack-2.0.2/lib/action_controller/base.rb:1247:in `close_session'
    G:/Program Files/ruby/lib/ruby/gems/1.8/gems/actionpack-2.0.2/lib/action_controller/base.rb:1292:in `process_cleanup_without_flash'
    G:/Program Files/ruby/lib/ruby/gems/1.8/gems/actionpack-2.0.2/lib/action_controller/flash.rb:173:in `process_cleanup_without_session_management_support'
    G:/Program Files/ruby/lib/ruby/gems/1.8/gems/actionpack-2.0.2/lib/action_controller/session_management.rb:133:in `process_cleanup_without_components'
    G:/Program Files/ruby/lib/ruby/gems/1.8/gems/actionpack-2.0.2/lib/action_controller/components.rb:161:in `process_cleanup'
    G:/Program Files/ruby/lib/ruby/gems/1.8/gems/actionpack-2.0.2/lib/action_controller/base.rb:532:in `process_without_filters'
    G:/Program Files/ruby/lib/ruby/gems/1.8/gems/actionpack-2.0.2/lib/action_controller/filters.rb:685:in `process_without_session_management_support'
    G:/Program Files/ruby/lib/ruby/gems/1.8/gems/actionpack-2.0.2/lib/action_controller/session_management.rb:123:in `process'
    G:/Program Files/ruby/lib/ruby/gems/1.8/gems/actionpack-2.0.2/lib/action_controller/base.rb:388:in `process'
    G:/Program Files/ruby/lib/ruby/gems/1.8/gems/actionpack-2.0.2/lib/action_controller/dispatcher.rb:171:in `handle_request'
    G:/Program Files/ruby/lib/ruby/gems/1.8/gems/actionpack-2.0.2/lib/action_controller/dispatcher.rb:115:in `dispatch'
    G:/Program Files/ruby/lib/ruby/gems/1.8/gems/actionpack-2.0.2/lib/action_controller/dispatcher.rb:126:in `dispatch_cgi'
    G:/Program Files/ruby/lib/ruby/gems/1.8/gems/actionpack-2.0.2/lib/action_controller/dispatcher.rb:9:in `dispatch'
    G:/Program Files/ruby/lib/ruby/gems/1.8/gems/rails-2.0.2/lib/webrick_server.rb:112:in `handle_dispatch'
    G:/Program Files/ruby/lib/ruby/gems/1.8/gems/rails-2.0.2/lib/webrick_server.rb:78:in `service'
    G:/Program Files/ruby/lib/ruby/1.8/webrick/httpserver.rb:104:in `service'
    G:/Program Files/ruby/lib/ruby/1.8/webrick/httpserver.rb:65:in `run'
    G:/Program Files/ruby/lib/ruby/1.8/webrick/server.rb:173:in `start_thread'
    G:/Program Files/ruby/lib/ruby/1.8/webrick/server.rb:162:in `start'
    G:/Program Files/ruby/lib/ruby/1.8/webrick/server.rb:162:in `start_thread'
    G:/Program Files/ruby/lib/ruby/1.8/webrick/server.rb:95:in `start'
    G:/Program Files/ruby/lib/ruby/1.8/webrick/server.rb:92:in `each'
    G:/Program Files/ruby/lib/ruby/1.8/webrick/server.rb:92:in `start'
    G:/Program Files/ruby/lib/ruby/1.8/webrick/server.rb:23:in `start'
    G:/Program Files/ruby/lib/ruby/1.8/webrick/server.rb:82:in `start'
    G:/Program Files/ruby/lib/ruby/gems/1.8/gems/rails-2.0.2/lib/webrick_server.rb:62:in `dispatch'
    G:/Program Files/ruby/lib/ruby/gems/1.8/gems/rails-2.0.2/lib/commands/servers/webrick.rb:66
    G:/Program Files/ruby/lib/ruby/site_ruby/1.8/rubygems/custom_require.rb:27:in `gem_original_require'
    G:/Program Files/ruby/lib/ruby/site_ruby/1.8/rubygems/custom_require.rb:27:in `require'
    G:/Program Files/ruby/lib/ruby/gems/1.8/gems/activesupport-2.0.2/lib/active_support/dependencies.rb:496:in `require'
    G:/Program Files/ruby/lib/ruby/gems/1.8/gems/activesupport-2.0.2/lib/active_support/dependencies.rb:342:in `new_constants_in'
    G:/Program Files/ruby/lib/ruby/gems/1.8/gems/activesupport-2.0.2/lib/active_support/dependencies.rb:496:in `require'
    G:/Program Files/ruby/lib/ruby/gems/1.8/gems/rails-2.0.2/lib/commands/server.rb:39
    G:/Program Files/ruby/lib/ruby/site_ruby/1.8/rubygems/custom_require.rb:27:in `gem_original_require'
    G:/Program Files/ruby/lib/ruby/site_ruby/1.8/rubygems/custom_require.rb:27:in `require'
    script/server:3


Processing RequisicoesController#index (for 127.0.0.1 at 2008-02-05 23:16:07) [GET]
  Session ID: 7f3254b52f65c1e9f14eb38c53fabd14
  Parameters: {"action"=>"index", "controller"=>"requisicoes"}
  [4;35;1mUsuario Load (0.000000)[0m   [0mSELECT * FROM usuarios WHERE (usuarios."id" = 2) LIMIT 1[0m
  [4;36;1mEmpresa Load (0.000000)[0m   [0;1mSELECT * FROM empresas WHERE (empresas."id" = 1) [0m
  [4;35;1mRequisicao Load (0.000000)[0m   [0mSELECT * FROM requisicoes WHERE (requisicoes.empresa_id = 1) [0m
Rendering template within layouts/application
Rendering requisicoes/index
  [4;36;1mUsuario Load (0.000000)[0m   [0;1mSELECT * FROM usuarios WHERE (usuarios."id" = 2) [0m
Completed in 0.14100 (7 reqs/sec) | Rendering: 0.07900 (56%) | DB: 0.00000 (0%) | 200 OK [http://localhost/empresa/requisicoes]


Processing RequisicoesController#destroy (for 127.0.0.1 at 2008-02-05 23:16:12) [DELETE]
  Session ID: 7f3254b52f65c1e9f14eb38c53fabd14
  Parameters: {"authenticity_token"=>"d16a3eb89da1dafb5a29076fbf4e2880e478b10a", "_method"=>"delete", "action"=>"destroy", "id"=>"8", "controller"=>"requisicoes"}
  [4;35;1mUsuario Load (0.000000)[0m   [0mSELECT * FROM usuarios WHERE (usuarios."id" = 2) LIMIT 1[0m
  [4;36;1mEmpresa Load (0.000000)[0m   [0;1mSELECT * FROM empresas WHERE (empresas."id" = 1) [0m
  [4;35;1mRequisicao Load (0.000000)[0m   [0mSELECT * FROM requisicoes WHERE (requisicoes."id" = 8 AND (requisicoes.empresa_id = 1)) [0m
  [4;36;1mItem Load (0.000000)[0m   [0;1mSELECT * FROM itens WHERE (itens.requisicao_id = 8) [0m
  [4;35;1mRequisicao Destroy (0.000000)[0m   [0m DELETE FROM requisicoes
 WHERE "id" = 8
[0m
Redirected to http://localhost:3000/empresa/requisicoes
Completed in 0.37500 (2 reqs/sec) | DB: 0.00000 (0%) | 302 Found [http://localhost/empresa/requisicoes/8]


Processing RequisicoesController#index (for 127.0.0.1 at 2008-02-05 23:16:13) [GET]
  Session ID: 7f3254b52f65c1e9f14eb38c53fabd14
  Parameters: {"action"=>"index", "controller"=>"requisicoes"}
  [4;36;1mUsuario Load (0.000000)[0m   [0;1mSELECT * FROM usuarios WHERE (usuarios."id" = 2) LIMIT 1[0m
  [4;35;1mEmpresa Load (0.000000)[0m   [0mSELECT * FROM empresas WHERE (empresas."id" = 1) [0m
  [4;36;1mRequisicao Load (0.000000)[0m   [0;1mSELECT * FROM requisicoes WHERE (requisicoes.empresa_id = 1) [0m
Rendering template within layouts/application
Rendering requisicoes/index
Completed in 0.07800 (12 reqs/sec) | Rendering: 0.01500 (19%) | DB: 0.00000 (0%) | 200 OK [http://localhost/empresa/requisicoes]


Processing RequisicoesController#new (for 127.0.0.1 at 2008-02-05 23:16:14) [GET]
  Session ID: 7f3254b52f65c1e9f14eb38c53fabd14
  Parameters: {"action"=>"new", "controller"=>"requisicoes"}
  [4;35;1mUsuario Load (0.000000)[0m   [0mSELECT * FROM usuarios WHERE (usuarios."id" = 2) LIMIT 1[0m
  [4;36;1mEmpresa Load (0.000000)[0m   [0;1mSELECT * FROM empresas WHERE (empresas."id" = 1) [0m
Redirected to http://localhost:3000/requisicoes/edit_new
Completed in 0.09300 (10 reqs/sec) | DB: 0.00000 (0%) | 302 Found [http://localhost/empresa/requisicoes/new]


Processing RequisicoesController#edit_new (for 127.0.0.1 at 2008-02-05 23:16:15) [GET]
  Session ID: 7f3254b52f65c1e9f14eb38c53fabd14
  Parameters: {"action"=>"edit_new", "controller"=>"requisicoes"}
  [4;35;1mUsuario Load (0.000000)[0m   [0mSELECT * FROM usuarios WHERE (usuarios."id" = 2) LIMIT 1[0m
  [4;36;1mEmpresa Load (0.000000)[0m   [0;1mSELECT * FROM empresas WHERE (empresas."id" = 1) [0m
Rendering template within layouts/application
Rendering requisicoes/edit_new
  [4;35;1mDepartamento Load (0.000000)[0m   [0mSELECT * FROM departamentos WHERE (departamentos.empresa_id = 1) [0m
WARNING: Can't mass-assign these protected attributes: id
  [4;36;1mUnidade Load (0.000000)[0m   [0;1mSELECT * FROM unidades WHERE (unidades.empresa_id = 1) [0m
Rendered requisicoes/_endereco (0.07800)
Rendered requisicoes/_itens (0.09400)
  [4;35;1mMaterial Load (0.000000)[0m   [0mSELECT * FROM materiais [0m
Rendered requisicoes/_form (0.37500)
Completed in 0.39100 (2 reqs/sec) | Rendering: 0.37500 (95%) | DB: 0.00000 (0%) | 200 OK [http://localhost/requisicoes/edit_new]


Processing RequisicoesController#create (for 127.0.0.1 at 2008-02-05 23:16:18) [POST]
  Session ID: 7f3254b52f65c1e9f14eb38c53fabd14
  Parameters: {"endereco"=>{"logradouro"=>""}, "authenticity_token"=>"d16a3eb89da1dafb5a29076fbf4e2880e478b10a", "action"=>"create", "unidade_id"=>"", "controller"=>"requisicoes", "requisicao"=>{"emergencial"=>"1", "departamento_id"=>""}}
  [4;36;1mUsuario Load (0.016000)[0m   [0;1mSELECT * FROM usuarios WHERE (usuarios."id" = 2) LIMIT 1[0m
  [4;35;1mEmpresa Load (0.000000)[0m   [0mSELECT * FROM empresas WHERE (empresas."id" = 1) [0m
  [4;36;1mEndereco Create (0.000000)[0m   [0;1mINSERT INTO enderecos ("updated_at", "logradouro", "created_at") VALUES('2008-02-05 23:16:18', '', '2008-02-05 23:16:18')[0m
hello!
  [4;35;1mEmpresa Load (0.000000)[0m   [0mSELECT * FROM empresas WHERE (empresas."id" = 1) [0m
  [4;36;1mRequisicao Load (0.000000)[0m   [0;1mSELECT * FROM requisicoes WHERE (requisicoes.pedido = '001000205022008231619') LIMIT 1[0m
  [4;35;1mRequisicao Create (0.000000)[0m   [0mINSERT INTO requisicoes ("emergencial", "updated_at", "departamento_id", "usuario_id", "endereco_id", "pedido", "created_at", "data", "empresa_id", "estado") VALUES('t', '2008-02-05 23:16:19', NULL, 2, 40, '001000205022008231619', '2008-02-05 23:16:19', '2008-02-05 23:16:19', 1, 'pendente')[0m
Redirected to http://localhost:3000/empresa/requisicoes
Completed in 0.32800 (3 reqs/sec) | DB: 0.01600 (4%) | 302 Found [http://localhost/empresa/requisicoes]


Processing RequisicoesController#index (for 127.0.0.1 at 2008-02-05 23:16:19) [GET]
  Session ID: 7f3254b52f65c1e9f14eb38c53fabd14
  Parameters: {"action"=>"index", "controller"=>"requisicoes"}
  [4;36;1mUsuario Load (0.000000)[0m   [0;1mSELECT * FROM usuarios WHERE (usuarios."id" = 2) LIMIT 1[0m
  [4;35;1mEmpresa Load (0.000000)[0m   [0mSELECT * FROM empresas WHERE (empresas."id" = 1) [0m
  [4;36;1mRequisicao Load (0.000000)[0m   [0;1mSELECT * FROM requisicoes WHERE (requisicoes.empresa_id = 1) [0m
Rendering template within layouts/application
Rendering requisicoes/index
  [4;35;1mUsuario Load (0.000000)[0m   [0mSELECT * FROM usuarios WHERE (usuarios."id" = 2) [0m
Completed in 0.15600 (6 reqs/sec) | Rendering: 0.07800 (50%) | DB: 0.00000 (0%) | 200 OK [http://localhost/empresa/requisicoes]


Processing RequisicoesController#destroy (for 127.0.0.1 at 2008-02-05 23:16:24) [DELETE]
  Session ID: 7f3254b52f65c1e9f14eb38c53fabd14
  Parameters: {"authenticity_token"=>"d16a3eb89da1dafb5a29076fbf4e2880e478b10a", "_method"=>"delete", "action"=>"destroy", "id"=>"9", "controller"=>"requisicoes"}
  [4;36;1mUsuario Load (0.000000)[0m   [0;1mSELECT * FROM usuarios WHERE (usuarios."id" = 2) LIMIT 1[0m
  [4;35;1mEmpresa Load (0.016000)[0m   [0mSELECT * FROM empresas WHERE (empresas."id" = 1) [0m
  [4;36;1mRequisicao Load (0.000000)[0m   [0;1mSELECT * FROM requisicoes WHERE (requisicoes."id" = 9 AND (requisicoes.empresa_id = 1)) [0m
  [4;35;1mItem Load (0.000000)[0m   [0mSELECT * FROM itens WHERE (itens.requisicao_id = 9) [0m
  [4;36;1mRequisicao Destroy (0.000000)[0m   [0;1m DELETE FROM requisicoes
 WHERE "id" = 9
[0m
Redirected to http://localhost:3000/empresa/requisicoes
Completed in 0.28100 (3 reqs/sec) | DB: 0.01600 (5%) | 302 Found [http://localhost/empresa/requisicoes/9]


Processing RequisicoesController#index (for 127.0.0.1 at 2008-02-05 23:16:24) [GET]
  Session ID: 7f3254b52f65c1e9f14eb38c53fabd14
  Parameters: {"action"=>"index", "controller"=>"requisicoes"}
  [4;35;1mUsuario Load (0.000000)[0m   [0mSELECT * FROM usuarios WHERE (usuarios."id" = 2) LIMIT 1[0m
  [4;36;1mEmpresa Load (0.000000)[0m   [0;1mSELECT * FROM empresas WHERE (empresas."id" = 1) [0m
  [4;35;1mRequisicao Load (0.000000)[0m   [0mSELECT * FROM requisicoes WHERE (requisicoes.empresa_id = 1) [0m
Rendering template within layouts/application
Rendering requisicoes/index
Completed in 0.26600 (3 reqs/sec) | Rendering: 0.01600 (6%) | DB: 0.00000 (0%) | 200 OK [http://localhost/empresa/requisicoes]


Processing RequisicoesController#new (for 127.0.0.1 at 2008-02-05 23:16:26) [GET]
  Session ID: 7f3254b52f65c1e9f14eb38c53fabd14
  Parameters: {"action"=>"new", "controller"=>"requisicoes"}
  [4;36;1mUsuario Load (0.000000)[0m   [0;1mSELECT * FROM usuarios WHERE (usuarios."id" = 2) LIMIT 1[0m
  [4;35;1mEmpresa Load (0.000000)[0m   [0mSELECT * FROM empresas WHERE (empresas."id" = 1) [0m
Redirected to http://localhost:3000/requisicoes/edit_new
Completed in 0.07800 (12 reqs/sec) | DB: 0.00000 (0%) | 302 Found [http://localhost/empresa/requisicoes/new]


Processing RequisicoesController#edit_new (for 127.0.0.1 at 2008-02-05 23:16:27) [GET]
  Session ID: 7f3254b52f65c1e9f14eb38c53fabd14
  Parameters: {"action"=>"edit_new", "controller"=>"requisicoes"}
  [4;36;1mUsuario Load (0.000000)[0m   [0;1mSELECT * FROM usuarios WHERE (usuarios."id" = 2) LIMIT 1[0m
  [4;35;1mEmpresa Load (0.000000)[0m   [0mSELECT * FROM empresas WHERE (empresas."id" = 1) [0m
Rendering template within layouts/application
Rendering requisicoes/edit_new
  [4;36;1mDepartamento Load (0.016000)[0m   [0;1mSELECT * FROM departamentos WHERE (departamentos.empresa_id = 1) [0m
WARNING: Can't mass-assign these protected attributes: id
  [4;35;1mUnidade Load (0.000000)[0m   [0mSELECT * FROM unidades WHERE (unidades.empresa_id = 1) [0m
Rendered requisicoes/_endereco (0.43800)
Rendered requisicoes/_itens (0.03100)
  [4;36;1mMaterial Load (0.000000)[0m   [0;1mSELECT * FROM materiais [0m
Rendered requisicoes/_form (0.54700)
Completed in 0.59400 (1 reqs/sec) | Rendering: 0.54700 (92%) | DB: 0.01600 (2%) | 200 OK [http://localhost/requisicoes/edit_new]


Processing RequisicoesController#get_endereco (for 127.0.0.1 at 2008-02-05 23:16:32) [POST]
  Session ID: 7f3254b52f65c1e9f14eb38c53fabd14
  Parameters: {"authenticity_token"=>"d16a3eb89da1dafb5a29076fbf4e2880e478b10a", "action"=>"get_endereco", "id"=>"4", "controller"=>"requisicoes"}
  [4;35;1mUsuario Load (0.000000)[0m   [0mSELECT * FROM usuarios WHERE (usuarios."id" = 2) LIMIT 1[0m
  [4;36;1mEmpresa Load (0.000000)[0m   [0;1mSELECT * FROM empresas WHERE (empresas."id" = 1) [0m
  [4;35;1mUnidade Load (0.016000)[0m   [0mSELECT * FROM unidades WHERE (unidades."id" = '4') LIMIT 1[0m
  [4;36;1mCACHE (0.000000)[0m   [0;1mSELECT * FROM empresas WHERE (empresas."id" = 1) [0m
  [4;35;1mEndereco Load (0.000000)[0m   [0mSELECT * FROM enderecos WHERE (enderecos."id" = 4) [0m
Rendered requisicoes/_endereco (0.00000)
Completed in 0.04700 (21 reqs/sec) | Rendering: 0.00000 (0%) | DB: 0.01600 (34%) | 200 OK [http://localhost/requisicoes/get_endereco]


Processing RequisicoesController#create (for 127.0.0.1 at 2008-02-05 23:16:33) [POST]
  Session ID: 7f3254b52f65c1e9f14eb38c53fabd14
  Parameters: {"endereco"=>{"logradouro"=>"BR 153"}, "authenticity_token"=>"d16a3eb89da1dafb5a29076fbf4e2880e478b10a", "action"=>"create", "unidade_id"=>"4", "controller"=>"requisicoes", "requisicao"=>{"emergencial"=>"1", "departamento_id"=>""}}
  [4;36;1mUsuario Load (0.000000)[0m   [0;1mSELECT * FROM usuarios WHERE (usuarios."id" = 2) LIMIT 1[0m
  [4;35;1mEmpresa Load (0.000000)[0m   [0mSELECT * FROM empresas WHERE (empresas."id" = 1) [0m
  [4;36;1mEndereco Create (0.000000)[0m   [0;1mINSERT INTO enderecos ("updated_at", "logradouro", "created_at") VALUES('2008-02-05 23:16:33', 'BR 153', '2008-02-05 23:16:33')[0m
hello!
  [4;35;1mEmpresa Load (0.000000)[0m   [0mSELECT * FROM empresas WHERE (empresas."id" = 1) [0m
  [4;36;1mRequisicao Load (0.000000)[0m   [0;1mSELECT * FROM requisicoes WHERE (requisicoes.pedido = '001000205022008231633') LIMIT 1[0m
  [4;35;1mRequisicao Create (0.000000)[0m   [0mINSERT INTO requisicoes ("emergencial", "updated_at", "departamento_id", "usuario_id", "endereco_id", "pedido", "created_at", "data", "empresa_id", "estado") VALUES('t', '2008-02-05 23:16:33', NULL, 2, 41, '001000205022008231633', '2008-02-05 23:16:33', '2008-02-05 23:16:33', 1, 'pendente')[0m
Redirected to http://localhost:3000/empresa/requisicoes
Completed in 0.45300 (2 reqs/sec) | DB: 0.00000 (0%) | 302 Found [http://localhost/empresa/requisicoes]


Processing RequisicoesController#index (for 127.0.0.1 at 2008-02-05 23:16:34) [GET]
  Session ID: 7f3254b52f65c1e9f14eb38c53fabd14
  Parameters: {"action"=>"index", "controller"=>"requisicoes"}
  [4;36;1mUsuario Load (0.016000)[0m   [0;1mSELECT * FROM usuarios WHERE (usuarios."id" = 2) LIMIT 1[0m
  [4;35;1mEmpresa Load (0.000000)[0m   [0mSELECT * FROM empresas WHERE (empresas."id" = 1) [0m
  [4;36;1mRequisicao Load (0.000000)[0m   [0;1mSELECT * FROM requisicoes WHERE (requisicoes.empresa_id = 1) [0m
Rendering template within layouts/application
Rendering requisicoes/index
  [4;35;1mUsuario Load (0.000000)[0m   [0mSELECT * FROM usuarios WHERE (usuarios."id" = 2) [0m
Completed in 0.10900 (9 reqs/sec) | Rendering: 0.03100 (28%) | DB: 0.01600 (14%) | 200 OK [http://localhost/empresa/requisicoes]


Processing RequisicoesController#confirm (for 127.0.0.1 at 2008-02-05 23:16:46) [GET]
  Session ID: 7f3254b52f65c1e9f14eb38c53fabd14
  Parameters: {"action"=>"confirm", "id"=>"10", "controller"=>"requisicoes"}
  [4;36;1mUsuario Load (0.000000)[0m   [0;1mSELECT * FROM usuarios WHERE (usuarios."id" = 2) LIMIT 1[0m
  [4;35;1mEmpresa Load (0.000000)[0m   [0mSELECT * FROM empresas WHERE (empresas."id" = 1) [0m


ActionController::UnknownAction (No action responded to confirm):
    G:/Program Files/ruby/lib/ruby/gems/1.8/gems/actionpack-2.0.2/lib/action_controller/filters.rb:697:in `call_filters'
    G:/Program Files/ruby/lib/ruby/gems/1.8/gems/actionpack-2.0.2/lib/action_controller/filters.rb:689:in `perform_action_without_benchmark'
    G:/Program Files/ruby/lib/ruby/gems/1.8/gems/actionpack-2.0.2/lib/action_controller/benchmarking.rb:68:in `perform_action_without_rescue'
    G:/Program Files/ruby/lib/ruby/1.8/benchmark.rb:293:in `measure'
    G:/Program Files/ruby/lib/ruby/gems/1.8/gems/actionpack-2.0.2/lib/action_controller/benchmarking.rb:68:in `perform_action_without_rescue'
    G:/Program Files/ruby/lib/ruby/gems/1.8/gems/actionpack-2.0.2/lib/action_controller/rescue.rb:199:in `perform_action_without_caching'
    G:/Program Files/ruby/lib/ruby/gems/1.8/gems/actionpack-2.0.2/lib/action_controller/caching.rb:678:in `perform_action'
    G:/Program Files/ruby/lib/ruby/gems/1.8/gems/activerecord-2.0.2/lib/active_record/connection_adapters/abstract/query_cache.rb:33:in `cache'
    G:/Program Files/ruby/lib/ruby/gems/1.8/gems/activerecord-2.0.2/lib/active_record/query_cache.rb:8:in `cache'
    G:/Program Files/ruby/lib/ruby/gems/1.8/gems/actionpack-2.0.2/lib/action_controller/caching.rb:677:in `perform_action'
    G:/Program Files/ruby/lib/ruby/gems/1.8/gems/actionpack-2.0.2/lib/action_controller/base.rb:524:in `send'
    G:/Program Files/ruby/lib/ruby/gems/1.8/gems/actionpack-2.0.2/lib/action_controller/base.rb:524:in `process_without_filters'
    G:/Program Files/ruby/lib/ruby/gems/1.8/gems/actionpack-2.0.2/lib/action_controller/filters.rb:685:in `process_without_session_management_support'
    G:/Program Files/ruby/lib/ruby/gems/1.8/gems/actionpack-2.0.2/lib/action_controller/session_management.rb:123:in `process'
    G:/Program Files/ruby/lib/ruby/gems/1.8/gems/actionpack-2.0.2/lib/action_controller/base.rb:388:in `process'
    G:/Program Files/ruby/lib/ruby/gems/1.8/gems/actionpack-2.0.2/lib/action_controller/dispatcher.rb:171:in `handle_request'
    G:/Program Files/ruby/lib/ruby/gems/1.8/gems/actionpack-2.0.2/lib/action_controller/dispatcher.rb:115:in `dispatch'
    G:/Program Files/ruby/lib/ruby/gems/1.8/gems/actionpack-2.0.2/lib/action_controller/dispatcher.rb:126:in `dispatch_cgi'
    G:/Program Files/ruby/lib/ruby/gems/1.8/gems/actionpack-2.0.2/lib/action_controller/dispatcher.rb:9:in `dispatch'
    G:/Program Files/ruby/lib/ruby/gems/1.8/gems/rails-2.0.2/lib/webrick_server.rb:112:in `handle_dispatch'
    G:/Program Files/ruby/lib/ruby/gems/1.8/gems/rails-2.0.2/lib/webrick_server.rb:78:in `service'
    G:/Program Files/ruby/lib/ruby/1.8/webrick/httpserver.rb:104:in `service'
    G:/Program Files/ruby/lib/ruby/1.8/webrick/httpserver.rb:65:in `run'
    G:/Program Files/ruby/lib/ruby/1.8/webrick/server.rb:173:in `start_thread'
    G:/Program Files/ruby/lib/ruby/1.8/webrick/server.rb:162:in `start'
    G:/Program Files/ruby/lib/ruby/1.8/webrick/server.rb:162:in `start_thread'
    G:/Program Files/ruby/lib/ruby/1.8/webrick/server.rb:95:in `start'
    G:/Program Files/ruby/lib/ruby/1.8/webrick/server.rb:92:in `each'
    G:/Program Files/ruby/lib/ruby/1.8/webrick/server.rb:92:in `start'
    G:/Program Files/ruby/lib/ruby/1.8/webrick/server.rb:23:in `start'
    G:/Program Files/ruby/lib/ruby/1.8/webrick/server.rb:82:in `start'
    G:/Program Files/ruby/lib/ruby/gems/1.8/gems/rails-2.0.2/lib/webrick_server.rb:62:in `dispatch'
    G:/Program Files/ruby/lib/ruby/gems/1.8/gems/rails-2.0.2/lib/commands/servers/webrick.rb:66
    G:/Program Files/ruby/lib/ruby/site_ruby/1.8/rubygems/custom_require.rb:27:in `gem_original_require'
    G:/Program Files/ruby/lib/ruby/site_ruby/1.8/rubygems/custom_require.rb:27:in `require'
    G:/Program Files/ruby/lib/ruby/gems/1.8/gems/activesupport-2.0.2/lib/active_support/dependencies.rb:496:in `require'
    G:/Program Files/ruby/lib/ruby/gems/1.8/gems/activesupport-2.0.2/lib/active_support/dependencies.rb:342:in `new_constants_in'
    G:/Program Files/ruby/lib/ruby/gems/1.8/gems/activesupport-2.0.2/lib/active_support/dependencies.rb:496:in `require'
    G:/Program Files/ruby/lib/ruby/gems/1.8/gems/rails-2.0.2/lib/commands/server.rb:39
    G:/Program Files/ruby/lib/ruby/site_ruby/1.8/rubygems/custom_require.rb:27:in `gem_original_require'
    G:/Program Files/ruby/lib/ruby/site_ruby/1.8/rubygems/custom_require.rb:27:in `require'
    script/server:3

Rendering G:/Program Files/ruby/lib/ruby/gems/1.8/gems/actionpack-2.0.2/lib/action_controller/templates/rescues/layout.erb (not_found)


Processing RequisicoesController#edit (for 127.0.0.1 at 2008-02-05 23:16:51) [GET]
  Session ID: 7f3254b52f65c1e9f14eb38c53fabd14
  Parameters: {"action"=>"edit", "id"=>"10", "controller"=>"requisicoes"}
  [4;36;1mUsuario Load (0.000000)[0m   [0;1mSELECT * FROM usuarios WHERE (usuarios."id" = 2) LIMIT 1[0m
  [4;35;1mEmpresa Load (0.000000)[0m   [0mSELECT * FROM empresas WHERE (empresas."id" = 1) [0m
  [4;36;1mRequisicao Load (0.000000)[0m   [0;1mSELECT * FROM requisicoes WHERE (requisicoes."id" = 10 AND (requisicoes.empresa_id = 1)) [0m
Redirected to http://localhost:3000/requisicoes/edit_new
Completed in 0.28100 (3 reqs/sec) | DB: 0.00000 (0%) | 302 Found [http://localhost/empresa/requisicoes/10/edit]


Processing RequisicoesController#edit_new (for 127.0.0.1 at 2008-02-05 23:16:51) [GET]
  Session ID: 7f3254b52f65c1e9f14eb38c53fabd14
  Parameters: {"action"=>"edit_new", "controller"=>"requisicoes"}
  [4;35;1mUsuario Load (0.000000)[0m   [0mSELECT * FROM usuarios WHERE (usuarios."id" = 2) LIMIT 1[0m
  [4;36;1mEmpresa Load (0.000000)[0m   [0;1mSELECT * FROM empresas WHERE (empresas."id" = 1) [0m
  [4;35;1mEndereco Load (0.000000)[0m   [0mSELECT * FROM enderecos WHERE (enderecos."id" = 41) [0m
Rendering template within layouts/application
Rendering requisicoes/edit_new
  [4;36;1mDepartamento Load (0.000000)[0m   [0;1mSELECT * FROM departamentos WHERE (departamentos.empresa_id = 1) [0m
WARNING: Can't mass-assign these protected attributes: id
  [4;35;1mUnidade Load (0.000000)[0m   [0mSELECT * FROM unidades WHERE (unidades.empresa_id = 1) [0m
Rendered requisicoes/_endereco (0.00000)
  [4;36;1mSQL (0.016000)[0m   [0;1mSELECT count(*) AS count_all FROM itens WHERE (itens.requisicao_id = 10) [0m
Rendered requisicoes/_itens (0.01600)
  [4;35;1mMaterial Load (0.000000)[0m   [0mSELECT * FROM materiais [0m
Rendered requisicoes/_form (0.11000)
Completed in 0.15700 (6 reqs/sec) | Rendering: 0.09400 (59%) | DB: 0.01600 (10%) | 200 OK [http://localhost/requisicoes/edit_new]


Processing RequisicoesController#add_item (for 127.0.0.1 at 2008-02-05 23:16:55) [POST]
  Session ID: 7f3254b52f65c1e9f14eb38c53fabd14
  Parameters: {"commit"=>"Adicionar", "authenticity_token"=>"d16a3eb89da1dafb5a29076fbf4e2880e478b10a", "action"=>"add_item", "controller"=>"requisicoes", "item"=>{"qtd"=>"10", "material_id"=>"1"}}
  [4;36;1mUsuario Load (0.000000)[0m   [0;1mSELECT * FROM usuarios WHERE (usuarios."id" = 2) LIMIT 1[0m
  [4;35;1mEmpresa Load (0.000000)[0m   [0mSELECT * FROM empresas WHERE (empresas."id" = 1) [0m
  [4;36;1mSQL (0.000000)[0m   [0;1mSELECT count(*) AS count_all FROM itens WHERE (itens.requisicao_id = 10) [0m
0
  [4;35;1mItem Create (0.000000)[0m   [0mINSERT INTO itens ("material_id", "qtd", "updated_at", "created_at", "requisicao_id") VALUES(1, 10, '2008-02-05 23:16:56', '2008-02-05 23:16:56', 10)[0m
1
  [4;36;1mMaterial Load (0.000000)[0m   [0;1mSELECT * FROM materiais WHERE (materiais."id" = 1) [0m
Rendered requisicoes/_item (0.01600)
Rendered requisicoes/_itens (0.01600)
Completed in 0.34400 (2 reqs/sec) | Rendering: 0.03100 (9%) | DB: 0.00000 (0%) | 200 OK [http://localhost/requisicoes/add_item]


Processing RequisicoesController#add_item (for 127.0.0.1 at 2008-02-05 23:17:01) [POST]
  Session ID: 7f3254b52f65c1e9f14eb38c53fabd14
  Parameters: {"commit"=>"Adicionar", "authenticity_token"=>"d16a3eb89da1dafb5a29076fbf4e2880e478b10a", "action"=>"add_item", "controller"=>"requisicoes", "item"=>{"qtd"=>"10", "material_id"=>"2"}}
  [4;35;1mUsuario Load (0.000000)[0m   [0mSELECT * FROM usuarios WHERE (usuarios."id" = 2) LIMIT 1[0m
  [4;36;1mEmpresa Load (0.000000)[0m   [0;1mSELECT * FROM empresas WHERE (empresas."id" = 1) [0m
  [4;35;1mSQL (0.000000)[0m   [0mSELECT count(*) AS count_all FROM itens WHERE (itens.requisicao_id = 10) [0m
1
  [4;36;1mItem Create (0.000000)[0m   [0;1mINSERT INTO itens ("material_id", "qtd", "updated_at", "created_at", "requisicao_id") VALUES(2, 10, '2008-02-05 23:17:01', '2008-02-05 23:17:01', 10)[0m
  [4;35;1mSQL (0.000000)[0m   [0mSELECT count(*) AS count_all FROM itens WHERE (itens.requisicao_id = 10) [0m
2
  [4;36;1mCACHE (0.000000)[0m   [0;1mSELECT count(*) AS count_all FROM itens WHERE (itens.requisicao_id = 10) [0m
  [4;35;1mItem Load (0.000000)[0m   [0mSELECT * FROM itens WHERE (itens.requisicao_id = 10) [0m
  [4;36;1mMaterial Load (0.000000)[0m   [0;1mSELECT * FROM materiais WHERE (materiais."id" = 1) [0m
  [4;35;1mRequisicao Load (0.000000)[0m   [0mSELECT * FROM requisicoes WHERE (requisicoes."id" = 10) [0m
  [4;36;1mCACHE (0.000000)[0m   [0;1mSELECT * FROM itens WHERE (itens.requisicao_id = 10) [0m
Rendered requisicoes/_item (0.01600)
  [4;35;1mMaterial Load (0.000000)[0m   [0mSELECT * FROM materiais WHERE (materiais."id" = 2) [0m
  [4;36;1mCACHE (0.000000)[0m   [0;1mSELECT * FROM requisicoes WHERE (requisicoes."id" = 10) [0m
  [4;35;1mCACHE (0.000000)[0m   [0mSELECT * FROM itens WHERE (itens.requisicao_id = 10) [0m
Rendered requisicoes/_item (0.00000)
Rendered requisicoes/_itens (0.03200)
Completed in 0.21900 (4 reqs/sec) | Rendering: 0.04700 (21%) | DB: 0.00000 (0%) | 200 OK [http://localhost/requisicoes/add_item]


Processing RequisicoesController#delete_item (for 127.0.0.1 at 2008-02-05 23:17:09) [POST]
  Session ID: 7f3254b52f65c1e9f14eb38c53fabd14
  Parameters: {"authenticity_token"=>"d16a3eb89da1dafb5a29076fbf4e2880e478b10a", "action"=>"delete_item", "id"=>"0", "controller"=>"requisicoes"}
  [4;36;1mUsuario Load (0.000000)[0m   [0;1mSELECT * FROM usuarios WHERE (usuarios."id" = 2) LIMIT 1[0m
  [4;35;1mEmpresa Load (0.000000)[0m   [0mSELECT * FROM empresas WHERE (empresas."id" = 1) [0m
  [4;36;1mItem Load (0.000000)[0m   [0;1mSELECT * FROM itens WHERE (itens.requisicao_id = 10) [0m
  [4;35;1mItem Destroy (0.000000)[0m   [0m DELETE FROM itens
 WHERE "id" = 54
[0m
  [4;36;1mMaterial Load (0.000000)[0m   [0;1mSELECT * FROM materiais WHERE (materiais."id" = 2) [0m
  [4;35;1mRequisicao Load (0.000000)[0m   [0mSELECT * FROM requisicoes WHERE (requisicoes."id" = 10) [0m
  [4;36;1mItem Load (0.000000)[0m   [0;1mSELECT * FROM itens WHERE (itens.requisicao_id = 10) [0m
Rendered requisicoes/_item (0.15700)
Rendered requisicoes/_itens (0.15700)
Completed in 0.31300 (3 reqs/sec) | Rendering: 0.15700 (50%) | DB: 0.00000 (0%) | 200 OK [http://localhost/requisicoes/delete_item/0]


Processing RequisicoesController#delete_item (for 127.0.0.1 at 2008-02-05 23:17:11) [POST]
  Session ID: 7f3254b52f65c1e9f14eb38c53fabd14
  Parameters: {"authenticity_token"=>"d16a3eb89da1dafb5a29076fbf4e2880e478b10a", "action"=>"delete_item", "id"=>"0", "controller"=>"requisicoes"}
  [4;35;1mUsuario Load (0.016000)[0m   [0mSELECT * FROM usuarios WHERE (usuarios."id" = 2) LIMIT 1[0m
  [4;36;1mEmpresa Load (0.016000)[0m   [0;1mSELECT * FROM empresas WHERE (empresas."id" = 1) [0m
  [4;35;1mItem Load (0.000000)[0m   [0mSELECT * FROM itens WHERE (itens.requisicao_id = 10) [0m
  [4;36;1mItem Destroy (0.000000)[0m   [0;1m DELETE FROM itens
 WHERE "id" = 55
[0m
Rendered requisicoes/_itens (0.00000)
Completed in 0.17200 (5 reqs/sec) | Rendering: 0.01600 (9%) | DB: 0.03200 (18%) | 200 OK [http://localhost/requisicoes/delete_item/0]


Processing RequisicoesController#add_item (for 127.0.0.1 at 2008-02-05 23:17:40) [POST]
  Session ID: 7f3254b52f65c1e9f14eb38c53fabd14
  Parameters: {"commit"=>"Adicionar", "authenticity_token"=>"d16a3eb89da1dafb5a29076fbf4e2880e478b10a", "action"=>"add_item", "controller"=>"requisicoes", "item"=>{"qtd"=>"10", "material_id"=>"2"}}
  [4;35;1mUsuario Load (0.000000)[0m   [0mSELECT * FROM usuarios WHERE (usuarios."id" = 2) LIMIT 1[0m
  [4;36;1mEmpresa Load (0.000000)[0m   [0;1mSELECT * FROM empresas WHERE (empresas."id" = 1) [0m
  [4;35;1mSQL (0.000000)[0m   [0mSELECT count(*) AS count_all FROM itens WHERE (itens.requisicao_id = 10) [0m
0
  [4;36;1mItem Create (0.000000)[0m   [0;1mINSERT INTO itens ("material_id", "qtd", "updated_at", "created_at", "requisicao_id") VALUES(2, 10, '2008-02-05 23:17:40', '2008-02-05 23:17:40', 10)[0m
1
  [4;35;1mMaterial Load (0.000000)[0m   [0mSELECT * FROM materiais WHERE (materiais."id" = 2) [0m
Rendered requisicoes/_item (0.01600)
Rendered requisicoes/_itens (0.01600)
Completed in 0.18800 (5 reqs/sec) | Rendering: 0.03100 (16%) | DB: 0.00000 (0%) | 200 OK [http://localhost/requisicoes/add_item]


Processing RequisicoesController#add_item (for 127.0.0.1 at 2008-02-05 23:17:41) [POST]
  Session ID: 7f3254b52f65c1e9f14eb38c53fabd14
  Parameters: {"commit"=>"Adicionar", "authenticity_token"=>"d16a3eb89da1dafb5a29076fbf4e2880e478b10a", "action"=>"add_item", "controller"=>"requisicoes", "item"=>{"qtd"=>"10", "material_id"=>"2"}}
  [4;36;1mUsuario Load (0.000000)[0m   [0;1mSELECT * FROM usuarios WHERE (usuarios."id" = 2) LIMIT 1[0m
  [4;35;1mEmpresa Load (0.000000)[0m   [0mSELECT * FROM empresas WHERE (empresas."id" = 1) [0m
  [4;36;1mSQL (0.000000)[0m   [0;1mSELECT count(*) AS count_all FROM itens WHERE (itens.requisicao_id = 10) [0m
1
  [4;35;1mItem Create (0.000000)[0m   [0mINSERT INTO itens ("material_id", "qtd", "updated_at", "created_at", "requisicao_id") VALUES(2, 10, '2008-02-05 23:17:42', '2008-02-05 23:17:42', 10)[0m
  [4;36;1mSQL (0.000000)[0m   [0;1mSELECT count(*) AS count_all FROM itens WHERE (itens.requisicao_id = 10) [0m
2
  [4;35;1mCACHE (0.000000)[0m   [0mSELECT count(*) AS count_all FROM itens WHERE (itens.requisicao_id = 10) [0m
  [4;36;1mItem Load (0.000000)[0m   [0;1mSELECT * FROM itens WHERE (itens.requisicao_id = 10) [0m
  [4;35;1mMaterial Load (0.000000)[0m   [0mSELECT * FROM materiais WHERE (materiais."id" = 2) [0m
  [4;36;1mRequisicao Load (0.016000)[0m   [0;1mSELECT * FROM requisicoes WHERE (requisicoes."id" = 10) [0m
  [4;35;1mCACHE (0.000000)[0m   [0mSELECT * FROM itens WHERE (itens.requisicao_id = 10) [0m
Rendered requisicoes/_item (0.01600)
  [4;36;1mCACHE (0.000000)[0m   [0;1mSELECT * FROM materiais WHERE (materiais."id" = 2) [0m
  [4;35;1mCACHE (0.000000)[0m   [0mSELECT * FROM requisicoes WHERE (requisicoes."id" = 10) [0m
  [4;36;1mCACHE (0.000000)[0m   [0;1mSELECT * FROM itens WHERE (itens.requisicao_id = 10) [0m
Rendered requisicoes/_item (0.00000)
Rendered requisicoes/_itens (0.03100)
Completed in 0.20300 (4 reqs/sec) | Rendering: 0.01500 (7%) | DB: 0.01600 (7%) | 200 OK [http://localhost/requisicoes/add_item]


Processing RequisicoesController#index (for 127.0.0.1 at 2008-02-05 23:17:47) [GET]
  Session ID: 7f3254b52f65c1e9f14eb38c53fabd14
  Parameters: {"action"=>"index", "controller"=>"requisicoes"}
  [4;35;1mUsuario Load (0.000000)[0m   [0mSELECT * FROM usuarios WHERE (usuarios."id" = 2) LIMIT 1[0m
  [4;36;1mEmpresa Load (0.000000)[0m   [0;1mSELECT * FROM empresas WHERE (empresas."id" = 1) [0m
  [4;35;1mRequisicao Load (0.000000)[0m   [0mSELECT * FROM requisicoes WHERE (requisicoes.empresa_id = 1) [0m
Rendering template within layouts/application
Rendering requisicoes/index
  [4;36;1mUsuario Load (0.000000)[0m   [0;1mSELECT * FROM usuarios WHERE (usuarios."id" = 2) [0m
Completed in 0.09300 (10 reqs/sec) | Rendering: 0.01500 (16%) | DB: 0.00000 (0%) | 200 OK [http://localhost/empresa/requisicoes]


Processing RequisicoesController#confirm (for 127.0.0.1 at 2008-02-05 23:17:49) [GET]
  Session ID: 7f3254b52f65c1e9f14eb38c53fabd14
  Parameters: {"action"=>"confirm", "id"=>"10", "controller"=>"requisicoes"}
  [4;35;1mUsuario Load (0.000000)[0m   [0mSELECT * FROM usuarios WHERE (usuarios."id" = 2) LIMIT 1[0m
  [4;36;1mEmpresa Load (0.000000)[0m   [0;1mSELECT * FROM empresas WHERE (empresas."id" = 1) [0m


ActionController::UnknownAction (No action responded to confirm):
    G:/Program Files/ruby/lib/ruby/gems/1.8/gems/actionpack-2.0.2/lib/action_controller/filters.rb:697:in `call_filters'
    G:/Program Files/ruby/lib/ruby/gems/1.8/gems/actionpack-2.0.2/lib/action_controller/filters.rb:689:in `perform_action_without_benchmark'
    G:/Program Files/ruby/lib/ruby/gems/1.8/gems/actionpack-2.0.2/lib/action_controller/benchmarking.rb:68:in `perform_action_without_rescue'
    G:/Program Files/ruby/lib/ruby/1.8/benchmark.rb:293:in `measure'
    G:/Program Files/ruby/lib/ruby/gems/1.8/gems/actionpack-2.0.2/lib/action_controller/benchmarking.rb:68:in `perform_action_without_rescue'
    G:/Program Files/ruby/lib/ruby/gems/1.8/gems/actionpack-2.0.2/lib/action_controller/rescue.rb:199:in `perform_action_without_caching'
    G:/Program Files/ruby/lib/ruby/gems/1.8/gems/actionpack-2.0.2/lib/action_controller/caching.rb:678:in `perform_action'
    G:/Program Files/ruby/lib/ruby/gems/1.8/gems/activerecord-2.0.2/lib/active_record/connection_adapters/abstract/query_cache.rb:33:in `cache'
    G:/Program Files/ruby/lib/ruby/gems/1.8/gems/activerecord-2.0.2/lib/active_record/query_cache.rb:8:in `cache'
    G:/Program Files/ruby/lib/ruby/gems/1.8/gems/actionpack-2.0.2/lib/action_controller/caching.rb:677:in `perform_action'
    G:/Program Files/ruby/lib/ruby/gems/1.8/gems/actionpack-2.0.2/lib/action_controller/base.rb:524:in `send'
    G:/Program Files/ruby/lib/ruby/gems/1.8/gems/actionpack-2.0.2/lib/action_controller/base.rb:524:in `process_without_filters'
    G:/Program Files/ruby/lib/ruby/gems/1.8/gems/actionpack-2.0.2/lib/action_controller/filters.rb:685:in `process_without_session_management_support'
    G:/Program Files/ruby/lib/ruby/gems/1.8/gems/actionpack-2.0.2/lib/action_controller/session_management.rb:123:in `process'
    G:/Program Files/ruby/lib/ruby/gems/1.8/gems/actionpack-2.0.2/lib/action_controller/base.rb:388:in `process'
    G:/Program Files/ruby/lib/ruby/gems/1.8/gems/actionpack-2.0.2/lib/action_controller/dispatcher.rb:171:in `handle_request'
    G:/Program Files/ruby/lib/ruby/gems/1.8/gems/actionpack-2.0.2/lib/action_controller/dispatcher.rb:115:in `dispatch'
    G:/Program Files/ruby/lib/ruby/gems/1.8/gems/actionpack-2.0.2/lib/action_controller/dispatcher.rb:126:in `dispatch_cgi'
    G:/Program Files/ruby/lib/ruby/gems/1.8/gems/actionpack-2.0.2/lib/action_controller/dispatcher.rb:9:in `dispatch'
    G:/Program Files/ruby/lib/ruby/gems/1.8/gems/rails-2.0.2/lib/webrick_server.rb:112:in `handle_dispatch'
    G:/Program Files/ruby/lib/ruby/gems/1.8/gems/rails-2.0.2/lib/webrick_server.rb:78:in `service'
    G:/Program Files/ruby/lib/ruby/1.8/webrick/httpserver.rb:104:in `service'
    G:/Program Files/ruby/lib/ruby/1.8/webrick/httpserver.rb:65:in `run'
    G:/Program Files/ruby/lib/ruby/1.8/webrick/server.rb:173:in `start_thread'
    G:/Program Files/ruby/lib/ruby/1.8/webrick/server.rb:162:in `start'
    G:/Program Files/ruby/lib/ruby/1.8/webrick/server.rb:162:in `start_thread'
    G:/Program Files/ruby/lib/ruby/1.8/webrick/server.rb:95:in `start'
    G:/Program Files/ruby/lib/ruby/1.8/webrick/server.rb:92:in `each'
    G:/Program Files/ruby/lib/ruby/1.8/webrick/server.rb:92:in `start'
    G:/Program Files/ruby/lib/ruby/1.8/webrick/server.rb:23:in `start'
    G:/Program Files/ruby/lib/ruby/1.8/webrick/server.rb:82:in `start'
    G:/Program Files/ruby/lib/ruby/gems/1.8/gems/rails-2.0.2/lib/webrick_server.rb:62:in `dispatch'
    G:/Program Files/ruby/lib/ruby/gems/1.8/gems/rails-2.0.2/lib/commands/servers/webrick.rb:66
    G:/Program Files/ruby/lib/ruby/site_ruby/1.8/rubygems/custom_require.rb:27:in `gem_original_require'
    G:/Program Files/ruby/lib/ruby/site_ruby/1.8/rubygems/custom_require.rb:27:in `require'
    G:/Program Files/ruby/lib/ruby/gems/1.8/gems/activesupport-2.0.2/lib/active_support/dependencies.rb:496:in `require'
    G:/Program Files/ruby/lib/ruby/gems/1.8/gems/activesupport-2.0.2/lib/active_support/dependencies.rb:342:in `new_constants_in'
    G:/Program Files/ruby/lib/ruby/gems/1.8/gems/activesupport-2.0.2/lib/active_support/dependencies.rb:496:in `require'
    G:/Program Files/ruby/lib/ruby/gems/1.8/gems/rails-2.0.2/lib/commands/server.rb:39
    G:/Program Files/ruby/lib/ruby/site_ruby/1.8/rubygems/custom_require.rb:27:in `gem_original_require'
    G:/Program Files/ruby/lib/ruby/site_ruby/1.8/rubygems/custom_require.rb:27:in `require'
    script/server:3

Rendering G:/Program Files/ruby/lib/ruby/gems/1.8/gems/actionpack-2.0.2/lib/action_controller/templates/rescues/layout.erb (not_found)


Processing RequisicoesController#confirm (for 127.0.0.1 at 2008-02-05 23:17:53) [GET]
  Session ID: 7f3254b52f65c1e9f14eb38c53fabd14
  Parameters: {"action"=>"confirm", "id"=>"10", "controller"=>"requisicoes"}
  [4;35;1mUsuario Load (0.000000)[0m   [0mSELECT * FROM usuarios WHERE (usuarios."id" = 2) LIMIT 1[0m
  [4;36;1mEmpresa Load (0.000000)[0m   [0;1mSELECT * FROM empresas WHERE (empresas."id" = 1) [0m


ActionController::UnknownAction (No action responded to confirm):
    G:/Program Files/ruby/lib/ruby/gems/1.8/gems/actionpack-2.0.2/lib/action_controller/filters.rb:697:in `call_filters'
    G:/Program Files/ruby/lib/ruby/gems/1.8/gems/actionpack-2.0.2/lib/action_controller/filters.rb:689:in `perform_action_without_benchmark'
    G:/Program Files/ruby/lib/ruby/gems/1.8/gems/actionpack-2.0.2/lib/action_controller/benchmarking.rb:68:in `perform_action_without_rescue'
    G:/Program Files/ruby/lib/ruby/1.8/benchmark.rb:293:in `measure'
    G:/Program Files/ruby/lib/ruby/gems/1.8/gems/actionpack-2.0.2/lib/action_controller/benchmarking.rb:68:in `perform_action_without_rescue'
    G:/Program Files/ruby/lib/ruby/gems/1.8/gems/actionpack-2.0.2/lib/action_controller/rescue.rb:199:in `perform_action_without_caching'
    G:/Program Files/ruby/lib/ruby/gems/1.8/gems/actionpack-2.0.2/lib/action_controller/caching.rb:678:in `perform_action'
    G:/Program Files/ruby/lib/ruby/gems/1.8/gems/activerecord-2.0.2/lib/active_record/connection_adapters/abstract/query_cache.rb:33:in `cache'
    G:/Program Files/ruby/lib/ruby/gems/1.8/gems/activerecord-2.0.2/lib/active_record/query_cache.rb:8:in `cache'
    G:/Program Files/ruby/lib/ruby/gems/1.8/gems/actionpack-2.0.2/lib/action_controller/caching.rb:677:in `perform_action'
    G:/Program Files/ruby/lib/ruby/gems/1.8/gems/actionpack-2.0.2/lib/action_controller/base.rb:524:in `send'
    G:/Program Files/ruby/lib/ruby/gems/1.8/gems/actionpack-2.0.2/lib/action_controller/base.rb:524:in `process_without_filters'
    G:/Program Files/ruby/lib/ruby/gems/1.8/gems/actionpack-2.0.2/lib/action_controller/filters.rb:685:in `process_without_session_management_support'
    G:/Program Files/ruby/lib/ruby/gems/1.8/gems/actionpack-2.0.2/lib/action_controller/session_management.rb:123:in `process'
    G:/Program Files/ruby/lib/ruby/gems/1.8/gems/actionpack-2.0.2/lib/action_controller/base.rb:388:in `process'
    G:/Program Files/ruby/lib/ruby/gems/1.8/gems/actionpack-2.0.2/lib/action_controller/dispatcher.rb:171:in `handle_request'
    G:/Program Files/ruby/lib/ruby/gems/1.8/gems/actionpack-2.0.2/lib/action_controller/dispatcher.rb:115:in `dispatch'
    G:/Program Files/ruby/lib/ruby/gems/1.8/gems/actionpack-2.0.2/lib/action_controller/dispatcher.rb:126:in `dispatch_cgi'
    G:/Program Files/ruby/lib/ruby/gems/1.8/gems/actionpack-2.0.2/lib/action_controller/dispatcher.rb:9:in `dispatch'
    G:/Program Files/ruby/lib/ruby/gems/1.8/gems/rails-2.0.2/lib/webrick_server.rb:112:in `handle_dispatch'
    G:/Program Files/ruby/lib/ruby/gems/1.8/gems/rails-2.0.2/lib/webrick_server.rb:78:in `service'
    G:/Program Files/ruby/lib/ruby/1.8/webrick/httpserver.rb:104:in `service'
    G:/Program Files/ruby/lib/ruby/1.8/webrick/httpserver.rb:65:in `run'
    G:/Program Files/ruby/lib/ruby/1.8/webrick/server.rb:173:in `start_thread'
    G:/Program Files/ruby/lib/ruby/1.8/webrick/server.rb:162:in `start'
    G:/Program Files/ruby/lib/ruby/1.8/webrick/server.rb:162:in `start_thread'
    G:/Program Files/ruby/lib/ruby/1.8/webrick/server.rb:95:in `start'
    G:/Program Files/ruby/lib/ruby/1.8/webrick/server.rb:92:in `each'
    G:/Program Files/ruby/lib/ruby/1.8/webrick/server.rb:92:in `start'
    G:/Program Files/ruby/lib/ruby/1.8/webrick/server.rb:23:in `start'
    G:/Program Files/ruby/lib/ruby/1.8/webrick/server.rb:82:in `start'
    G:/Program Files/ruby/lib/ruby/gems/1.8/gems/rails-2.0.2/lib/webrick_server.rb:62:in `dispatch'
    G:/Program Files/ruby/lib/ruby/gems/1.8/gems/rails-2.0.2/lib/commands/servers/webrick.rb:66
    G:/Program Files/ruby/lib/ruby/site_ruby/1.8/rubygems/custom_require.rb:27:in `gem_original_require'
    G:/Program Files/ruby/lib/ruby/site_ruby/1.8/rubygems/custom_require.rb:27:in `require'
    G:/Program Files/ruby/lib/ruby/gems/1.8/gems/activesupport-2.0.2/lib/active_support/dependencies.rb:496:in `require'
    G:/Program Files/ruby/lib/ruby/gems/1.8/gems/activesupport-2.0.2/lib/active_support/dependencies.rb:342:in `new_constants_in'
    G:/Program Files/ruby/lib/ruby/gems/1.8/gems/activesupport-2.0.2/lib/active_support/dependencies.rb:496:in `require'
    G:/Program Files/ruby/lib/ruby/gems/1.8/gems/rails-2.0.2/lib/commands/server.rb:39
    G:/Program Files/ruby/lib/ruby/site_ruby/1.8/rubygems/custom_require.rb:27:in `gem_original_require'
    G:/Program Files/ruby/lib/ruby/site_ruby/1.8/rubygems/custom_require.rb:27:in `require'
    script/server:3

Rendering G:/Program Files/ruby/lib/ruby/gems/1.8/gems/actionpack-2.0.2/lib/action_controller/templates/rescues/layout.erb (not_found)
  [4;36;1mUsuario Load (0.000000)[0m   [0;1mSELECT * FROM usuarios WHERE (usuarios."id" = 10) [0m
  [4;35;1mUsuario Load (0.000000)[0m   [0mSELECT * FROM usuarios WHERE (usuarios."id" = 10) [0m
  [4;36;1mUsuario Load (0.000000)[0m   [0;1mSELECT * FROM usuarios WHERE (usuarios."id" = 100) LIMIT 1[0m
  [4;36;1mSQL (0.000000)[0m   [0;1mSELECT version FROM schema_info[0m
  [4;35;1mSQL (0.000000)[0m   [0mselect sqlite_version(*)[0m
  [4;36;1mSQL (0.000000)[0m   [0;1mSQLite3::SQLException: table schema_info already exists: CREATE TABLE schema_info (version integer)[0m
  [4;35;1mSQL (0.000000)[0m   [0mSELECT version FROM schema_info[0m
  [4;36;1mSQL (0.000000)[0m   [0;1mSELECT version FROM schema_info[0m
  [4;35;1mSQL (0.000000)[0m   [0mSQLite3::SQLException: table schema_info already exists: CREATE TABLE schema_info (version integer)[0m
  [4;36;1mSQL (0.000000)[0m   [0;1mSELECT version FROM schema_info[0m
Migrating to CreateRequisicoes (8)
  [4;35;1mSQL (0.125000)[0m   [0mDROP TABLE requisicoes[0m
  [4;36;1mSQL (0.078000)[0m   [0;1mUPDATE schema_info SET version = 7[0m
Reached target version: 7
  [4;36;1mSQL (0.000000)[0m   [0;1mselect sqlite_version(*)[0m
  [4;35;1mSQL (0.000000)[0m   [0mSQLite3::SQLException: table schema_info already exists: CREATE TABLE schema_info (version integer)[0m
  [4;36;1mSQL (0.000000)[0m   [0;1mSQLite3::SQLException: table schema_info already exists: CREATE TABLE schema_info (version integer)[0m
  [4;35;1mSQL (0.000000)[0m   [0mSELECT version FROM schema_info[0m
  [4;36;1mSQL (0.000000)[0m   [0;1mSELECT version FROM schema_info[0m
  [4;35;1mSQL (0.000000)[0m   [0mSELECT version FROM schema_info[0m
  [4;36;1mSQL (0.000000)[0m   [0;1mSELECT version FROM schema_info[0m
  [4;35;1mSQL (0.000000)[0m   [0mSELECT version FROM schema_info[0m
  [4;36;1mSQL (0.000000)[0m   [0;1mSELECT version FROM schema_info[0m
  [4;35;1mSQL (0.000000)[0m   [0mSELECT version FROM schema_info[0m
  [4;36;1mSQL (0.000000)[0m   [0;1mSELECT version FROM schema_info[0m
Migrating to CreateRequisicoes (8)
  [4;35;1mSQL (0.094000)[0m   [0mCREATE TABLE requisicoes ("id" INTEGER PRIMARY KEY AUTOINCREMENT NOT NULL, "pedido" varchar(255) NOT NULL, "data" datetime NOT NULL, "estado" varchar(255) NOT NULL, "emergencial" boolean NOT NULL, "transporte" boolean NOT NULL, "usuario_id" integer NOT NULL, "empresa_id" integer NOT NULL, "departamento_id" integer DEFAULT NULL, "endereco_id" integer DEFAULT NULL, "created_at" datetime DEFAULT NULL, "updated_at" datetime DEFAULT NULL) [0m
  [4;36;1mSQL (0.078000)[0m   [0;1mUPDATE schema_info SET version = 8[0m
  [4;35;1mSQL (0.015000)[0m   [0mSELECT * FROM schema_info[0m
  [4;36;1mSQL (0.000000)[0m   [0;1m SELECT name
 FROM sqlite_master
 WHERE type = 'table' AND NOT name = 'sqlite_sequence'
[0m
  [4;35;1mSQL (0.000000)[0m   [0mPRAGMA index_list(departamentos)[0m
  [4;36;1mSQL (0.000000)[0m   [0;1mPRAGMA index_list(empresas)[0m
  [4;35;1mSQL (0.000000)[0m   [0mPRAGMA index_list(enderecos)[0m
  [4;36;1mSQL (0.000000)[0m   [0;1mPRAGMA index_list(itens)[0m
  [4;35;1mSQL (0.000000)[0m   [0mPRAGMA index_list(materiais)[0m
  [4;36;1mSQL (0.000000)[0m   [0;1mPRAGMA index_list(requisicoes)[0m
  [4;35;1mSQL (0.000000)[0m   [0mPRAGMA index_list(sessions)[0m
  [4;36;1mSQL (0.000000)[0m   [0;1mPRAGMA index_info('index_sessions_on_updated_at')[0m
  [4;35;1mSQL (0.000000)[0m   [0mPRAGMA index_info('index_sessions_on_session_id')[0m
  [4;36;1mSQL (0.000000)[0m   [0;1mPRAGMA index_list(unidades)[0m
  [4;35;1mSQL (0.000000)[0m   [0mPRAGMA index_list(usuarios)[0m


Processing RequisicoesController#new (for 127.0.0.1 at 2008-02-05 23:29:25) [GET]
  Session ID: 7f3254b52f65c1e9f14eb38c53fabd14
  Parameters: {"action"=>"new", "controller"=>"requisicoes"}
  [4;35;1mUsuario Load (0.000000)[0m   [0mSELECT * FROM usuarios WHERE (usuarios."id" = 2) LIMIT 1[0m
  [4;36;1mEmpresa Load (0.000000)[0m   [0;1mSELECT * FROM empresas WHERE (empresas."id" = 1) [0m
Redirected to http://localhost:3000/requisicoes/edit_new
Completed in 0.06200 (16 reqs/sec) | DB: 0.00000 (0%) | 302 Found [http://localhost/empresa/requisicoes/new]


Processing RequisicoesController#edit_new (for 127.0.0.1 at 2008-02-05 23:29:26) [GET]
  Session ID: 7f3254b52f65c1e9f14eb38c53fabd14
  Parameters: {"action"=>"edit_new", "controller"=>"requisicoes"}
  [4;35;1mUsuario Load (0.016000)[0m   [0mSELECT * FROM usuarios WHERE (usuarios."id" = 2) LIMIT 1[0m
  [4;36;1mEmpresa Load (0.000000)[0m   [0;1mSELECT * FROM empresas WHERE (empresas."id" = 1) [0m
Rendering template within layouts/application
Rendering requisicoes/edit_new
  [4;35;1mDepartamento Load (0.000000)[0m   [0mSELECT * FROM departamentos WHERE (departamentos.empresa_id = 1) [0m
WARNING: Can't mass-assign these protected attributes: id
  [4;36;1mUnidade Load (0.000000)[0m   [0;1mSELECT * FROM unidades WHERE (unidades.empresa_id = 1) [0m
Rendered requisicoes/_endereco (0.00000)
Rendered requisicoes/_itens (0.01600)
  [4;35;1mMaterial Load (0.015000)[0m   [0mSELECT * FROM materiais [0m
Rendered requisicoes/_form (0.12500)
Completed in 0.15600 (6 reqs/sec) | Rendering: 0.12500 (80%) | DB: 0.03100 (19%) | 200 OK [http://localhost/requisicoes/edit_new]
